Using pre-set license
Built from '2021.3/china_unity/release' branch; Version is '2021.3.18f1c1 (93698379025b) revision 9660803'; Using compiler version '192829333'; Build Type 'Release'
OS: 'Windows 11  (10.0.22621) 64bit CoreCountrySpecific' Language: 'zh' Physical Memory: 65154 MB
BatchMode: 1, IsHumanControllingUs: 0, StartBugReporterOnCrash: 0, Is64bit: 1, IsPro: 1

COMMAND LINE ARGUMENTS:
D:\Unity\UnityDifferentVertions\2021.3.18f1c1\Editor\Unity.exe
-adb2
-batchMode
-noUpm
-name
AssetImportWorker1
-projectPath
C:/Users/Zhangzonshuai/Documents/GitHub/LudumDareGAME/GameJamOfLudumdare
-logFile
Logs/AssetImportWorker1.log
-srvPort
63668
Successfully changed project path to: C:/Users/Zhangzonshuai/Documents/GitHub/LudumDareGAME/GameJamOfLudumdare
C:/Users/Zhangzonshuai/Documents/GitHub/LudumDareGAME/GameJamOfLudumdare
[UnityMemory] Configuration Parameters - Can be set up in boot.config
    "memorysetup-bucket-allocator-granularity=16"
    "memorysetup-bucket-allocator-bucket-count=8"
    "memorysetup-bucket-allocator-block-size=33554432"
    "memorysetup-bucket-allocator-block-count=8"
    "memorysetup-main-allocator-block-size=16777216"
    "memorysetup-thread-allocator-block-size=16777216"
    "memorysetup-gfx-main-allocator-block-size=16777216"
    "memorysetup-gfx-thread-allocator-block-size=16777216"
    "memorysetup-cache-allocator-block-size=4194304"
    "memorysetup-typetree-allocator-block-size=2097152"
    "memorysetup-profiler-bucket-allocator-granularity=16"
    "memorysetup-profiler-bucket-allocator-bucket-count=8"
    "memorysetup-profiler-bucket-allocator-block-size=33554432"
    "memorysetup-profiler-bucket-allocator-block-count=8"
    "memorysetup-profiler-allocator-block-size=16777216"
    "memorysetup-profiler-editor-allocator-block-size=1048576"
    "memorysetup-temp-allocator-size-main=16777216"
    "memorysetup-job-temp-allocator-block-size=2097152"
    "memorysetup-job-temp-allocator-block-size-background=1048576"
    "memorysetup-job-temp-allocator-reduction-small-platforms=262144"
    "memorysetup-temp-allocator-size-background-worker=32768"
    "memorysetup-temp-allocator-size-job-worker=262144"
    "memorysetup-temp-allocator-size-preload-manager=33554432"
    "memorysetup-temp-allocator-size-nav-mesh-worker=65536"
    "memorysetup-temp-allocator-size-audio-worker=65536"
    "memorysetup-temp-allocator-size-cloud-worker=32768"
    "memorysetup-temp-allocator-size-gi-baking-worker=262144"
    "memorysetup-temp-allocator-size-gfx=262144"
Player connection [65016] Host "[IP] 192.168.1.29 [Port] 0 [Flags] 2 [Guid] 1250762468 [EditorId] 1250762468 [Version] 1048832 [Id] WindowsEditor(7,Barry) [Debug] 1 [PackageName] WindowsEditor [ProjectName] Editor" joined multi-casting on [225.0.0.222:54997]...

Player connection [65016] Host "[IP] 192.168.1.29 [Port] 0 [Flags] 2 [Guid] 1250762468 [EditorId] 1250762468 [Version] 1048832 [Id] WindowsEditor(7,Barry) [Debug] 1 [PackageName] WindowsEditor [ProjectName] Editor" joined alternative multi-casting on [225.0.0.222:34997]...

AS: AutoStreaming module initializing.
Refreshing native plugins compatible for Editor in 100.03 ms, found 3 plugins.
Preloading 0 native plugins for Editor in 0.00 ms.
Initialize engine version: 2021.3.18f1c1 (93698379025b)
[Subsystems] Discovering subsystems at path D:/Unity/UnityDifferentVertions/2021.3.18f1c1/Editor/Data/Resources/UnitySubsystems
[Subsystems] Discovering subsystems at path C:/Users/Zhangzonshuai/Documents/GitHub/LudumDareGAME/GameJamOfLudumdare/Assets
GfxDevice: creating device client; threaded=0; jobified=0
Direct3D:
    Version:  Direct3D 11.0 [level 11.1]
    Renderer: NVIDIA GeForce RTX 4080 Laptop GPU (ID=0x27e0)
    Vendor:   NVIDIA
    VRAM:     12011 MB
    Driver:   31.0.15.2866
Initialize mono
Mono path[0] = 'D:/Unity/UnityDifferentVertions/2021.3.18f1c1/Editor/Data/Managed'
Mono path[1] = 'D:/Unity/UnityDifferentVertions/2021.3.18f1c1/Editor/Data/MonoBleedingEdge/lib/mono/unityjit-win32'
Mono config path = 'D:/Unity/UnityDifferentVertions/2021.3.18f1c1/Editor/Data/MonoBleedingEdge/etc'
Using monoOptions --debugger-agent=transport=dt_socket,embedding=1,server=y,suspend=n,address=127.0.0.1:56356
Begin MonoManager ReloadAssembly
Registering precompiled unity dll's ...
Register platform support module: D:/Unity/UnityDifferentVertions/2021.3.18f1c1/Editor/Data/PlaybackEngines/WebGLSupport/UnityEditor.WebGL.Extensions.dll
Register platform support module: D:/Unity/UnityDifferentVertions/2021.3.18f1c1/Editor/Data/PlaybackEngines/WindowsStandaloneSupport/UnityEditor.WindowsStandalone.Extensions.dll
Registered in 0.002776 seconds.
Native extension for WindowsStandalone target not found
Native extension for WebGL target not found
Refreshing native plugins compatible for Editor in 82.88 ms, found 3 plugins.
Preloading 0 native plugins for Editor in 0.00 ms.
Mono: successfully reloaded assembly
- Completed reload, in  0.588 seconds
Domain Reload Profiling:
	ReloadAssembly (588ms)
		BeginReloadAssembly (122ms)
			ExecutionOrderSort (0ms)
			DisableScriptedObjects (0ms)
			BackupInstance (0ms)
			ReleaseScriptingObjects (0ms)
			CreateAndSetChildDomain (0ms)
		EndReloadAssembly (386ms)
			LoadAssemblies (118ms)
			RebuildTransferFunctionScriptingTraits (0ms)
			SetupTypeCache (99ms)
			ReleaseScriptCaches (0ms)
			RebuildScriptCaches (19ms)
			SetupLoadedEditorAssemblies (219ms)
				LogAssemblyErrors (0ms)
				InitializePlatformSupportModulesInManaged (7ms)
				SetLoadedEditorAssemblies (0ms)
				RefreshPlugins (83ms)
				BeforeProcessingInitializeOnLoad (1ms)
				ProcessInitializeOnLoadAttributes (93ms)
				ProcessInitializeOnLoadMethodAttributes (35ms)
				AfterProcessingInitializeOnLoad (0ms)
				EditorAssembliesLoaded (0ms)
			ExecutionOrderSort2 (0ms)
			AwakeInstancesAfterBackupRestoration (0ms)
Platform modules already initialized, skipping
Registering precompiled user dll's ...
Registered in 0.012563 seconds.
Begin MonoManager ReloadAssembly
Symbol file LoadedFromMemory doesn't match image C:\Users\Zhangzonshuai\Documents\GitHub\LudumDareGAME\GameJamOfLudumdare\Library\PackageCache\com.unity.visualscripting@1.8.0\Editor\VisualScripting.Core\Dependencies\YamlDotNet\Unity.VisualScripting.YamlDotNet.dll
Symbol file LoadedFromMemory doesn't match image C:\Users\Zhangzonshuai\Documents\GitHub\LudumDareGAME\GameJamOfLudumdare\Library\PackageCache\com.unity.visualscripting@1.8.0\Editor\VisualScripting.Core\Dependencies\DotNetZip\Unity.VisualScripting.IonicZip.dll
Native extension for WindowsStandalone target not found
Native extension for WebGL target not found
Refreshing native plugins compatible for Editor in 90.12 ms, found 3 plugins.
Preloading 0 native plugins for Editor in 0.00 ms.
Mono: successfully reloaded assembly
- Completed reload, in  1.269 seconds
Domain Reload Profiling:
	ReloadAssembly (1269ms)
		BeginReloadAssembly (135ms)
			ExecutionOrderSort (0ms)
			DisableScriptedObjects (7ms)
			BackupInstance (0ms)
			ReleaseScriptingObjects (0ms)
			CreateAndSetChildDomain (15ms)
		EndReloadAssembly (1014ms)
			LoadAssemblies (170ms)
			RebuildTransferFunctionScriptingTraits (0ms)
			SetupTypeCache (304ms)
			ReleaseScriptCaches (0ms)
			RebuildScriptCaches (55ms)
			SetupLoadedEditorAssemblies (465ms)
				LogAssemblyErrors (0ms)
				InitializePlatformSupportModulesInManaged (5ms)
				SetLoadedEditorAssemblies (0ms)
				RefreshPlugins (90ms)
				BeforeProcessingInitializeOnLoad (67ms)
				ProcessInitializeOnLoadAttributes (226ms)
				ProcessInitializeOnLoadMethodAttributes (62ms)
				AfterProcessingInitializeOnLoad (14ms)
				EditorAssembliesLoaded (0ms)
			ExecutionOrderSort2 (0ms)
			AwakeInstancesAfterBackupRestoration (9ms)
Platform modules already initialized, skipping
========================================================================
Worker process is ready to serve import requests
Launched and connected shader compiler UnityShaderCompiler.exe after 0.06 seconds
Refreshing native plugins compatible for Editor in 1.29 ms, found 3 plugins.
Preloading 0 native plugins for Editor in 0.00 ms.
Unloading 5123 Unused Serialized files (Serialized files now loaded: 0)
Unloading 39 unused Assets / (1.0 MB). Loaded Objects now: 5579.
Memory consumption went from 287.8 MB to 286.7 MB.
Total: 3.237600 ms (FindLiveObjects: 0.270800 ms CreateObjectMapping: 0.137200 ms MarkObjects: 2.478400 ms  DeleteObjects: 0.350100 ms)

AssetImportParameters requested are different than current active one (requested -> active):
  custom:video-decoder-ogg-theora: a1e56fd34408186e4bbccfd4996cb3dc -> 
  custom:container-muxer-webm: aa71ff27fc2769a1b78a27578f13a17b -> 
  custom:container-demuxer-webm: 4f35f7cbe854078d1ac9338744f61a02 -> 
  custom:video-encoder-webm-vp8: eb34c28f22e8b96e1ab97ce403110664 -> 
  custom:video-codec-MediaFoundation-h265: 746d11721c4dcdbdad8f713fa42b33f4 -> 
  custom:audio-encoder-webm-vorbis: bf7c407c2cedff20999df2af8eb42d56 -> 
  custom:framework-win-MediaFoundation: 216162199b28c13a410421893ffa2e32 -> 
  custom:container-demuxer-ogg: 62fdf1f143b41e24485cea50d1cbac27 -> 
  custom:video-decoder-webm-vp8: 9c59270c3fd7afecdb556c50c9e8de78 -> 
  custom:audio-decoder-ogg-vorbis: bf7c407c2cedff20999df2af8eb42d56 -> 
========================================================================
Received Import Request.
  Time since last request: 1210900.442276 seconds.
  path: Assets/Plugins/LowPolyAssets/SimpleLowPolyNature/Prefabs/Cloud2.prefab
  artifactKey: Guid(fddda2a39f85ef043ad3625db468391f) Importer(815301076,1909f56bfc062723c751e8b465ee728b)
Start importing Assets/Plugins/LowPolyAssets/SimpleLowPolyNature/Prefabs/Cloud2.prefab using Guid(fddda2a39f85ef043ad3625db468391f) Importer(815301076,1909f56bfc062723c751e8b465ee728b)  -> (artifact id: '0a48620a49aff8c901a64f802db12df4') in 0.240201 seconds 
========================================================================
Received Import Request.
  Time since last request: 14.876865 seconds.
  path: Assets/Plugins/Z ! Low Poly Nature Pack/Prefabs/ZLPP_Cliff_A_03.prefab
  artifactKey: Guid(91f56a62dba8fad43bb81b4cae2268f2) Importer(815301076,1909f56bfc062723c751e8b465ee728b)
Start importing Assets/Plugins/Z ! Low Poly Nature Pack/Prefabs/ZLPP_Cliff_A_03.prefab using Guid(91f56a62dba8fad43bb81b4cae2268f2) Importer(815301076,1909f56bfc062723c751e8b465ee728b)  -> (artifact id: '28f0954e9c22df25cbe50444c14164c5') in 0.013250 seconds 
========================================================================
Received Import Request.
  Time since last request: 0.004248 seconds.
  path: Assets/Plugins/Z ! Low Poly Nature Pack/Prefabs/ZLPP_Cliff_A_08.prefab
  artifactKey: Guid(698c7a60ea05ef847ae00ce4d16ba6da) Importer(815301076,1909f56bfc062723c751e8b465ee728b)
Start importing Assets/Plugins/Z ! Low Poly Nature Pack/Prefabs/ZLPP_Cliff_A_08.prefab using Guid(698c7a60ea05ef847ae00ce4d16ba6da) Importer(815301076,1909f56bfc062723c751e8b465ee728b)  -> (artifact id: 'fa67a9768d2b6d22825a91d46d8f0032') in 0.009194 seconds 
========================================================================
Received Import Request.
  Time since last request: 0.008236 seconds.
  path: Assets/Plugins/Z ! Low Poly Nature Pack/Prefabs/ZLPP_Cliff_A_13.prefab
  artifactKey: Guid(0c148239a14181a4996097c0fc20d38d) Importer(815301076,1909f56bfc062723c751e8b465ee728b)
Start importing Assets/Plugins/Z ! Low Poly Nature Pack/Prefabs/ZLPP_Cliff_A_13.prefab using Guid(0c148239a14181a4996097c0fc20d38d) Importer(815301076,1909f56bfc062723c751e8b465ee728b)  -> (artifact id: 'eb4b2bf3d5f289c677dbd8dbfb953a4d') in 0.010890 seconds 
========================================================================
Received Import Request.
  Time since last request: 0.006182 seconds.
  path: Assets/Plugins/Z ! Low Poly Nature Pack/Prefabs/ZLPP_Cliff_A_14.prefab
  artifactKey: Guid(5c9c1588a693ab342a13e570bb79bb4f) Importer(815301076,1909f56bfc062723c751e8b465ee728b)
Start importing Assets/Plugins/Z ! Low Poly Nature Pack/Prefabs/ZLPP_Cliff_A_14.prefab using Guid(5c9c1588a693ab342a13e570bb79bb4f) Importer(815301076,1909f56bfc062723c751e8b465ee728b)  -> (artifact id: 'd66f41caa5e6abfc23c3068b0829f9fb') in 0.011823 seconds 
========================================================================
Received Import Request.
  Time since last request: 0.005788 seconds.
  path: Assets/Plugins/Z ! Low Poly Nature Pack/Prefabs/ZLPP_Cloud_A_4.prefab
  artifactKey: Guid(8f0756a1f65a03b4db2e00d6c3df085c) Importer(815301076,1909f56bfc062723c751e8b465ee728b)
Start importing Assets/Plugins/Z ! Low Poly Nature Pack/Prefabs/ZLPP_Cloud_A_4.prefab using Guid(8f0756a1f65a03b4db2e00d6c3df085c) Importer(815301076,1909f56bfc062723c751e8b465ee728b)  -> (artifact id: '3ca0dc00a256c57b236a07e4b33c7fbd') in 0.009525 seconds 
========================================================================
Received Import Request.
  Time since last request: 0.000017 seconds.
  path: Assets/Plugins/Z ! Low Poly Nature Pack/Prefabs/ZLPP_Flower_A_1.prefab
  artifactKey: Guid(95fb1f174831faf44bb54d21f041a45c) Importer(815301076,1909f56bfc062723c751e8b465ee728b)
Start importing Assets/Plugins/Z ! Low Poly Nature Pack/Prefabs/ZLPP_Flower_A_1.prefab using Guid(95fb1f174831faf44bb54d21f041a45c) Importer(815301076,1909f56bfc062723c751e8b465ee728b)  -> (artifact id: '4424146978dd0908f4e08bbe66dec667') in 0.009310 seconds 
========================================================================
Received Import Request.
  Time since last request: 0.000023 seconds.
  path: Assets/Plugins/Z ! Low Poly Nature Pack/Prefabs/ZLPP_Cliff_A_16.prefab
  artifactKey: Guid(c3ff6e1ebe22b4246b26affbec6ff3ea) Importer(815301076,1909f56bfc062723c751e8b465ee728b)
Start importing Assets/Plugins/Z ! Low Poly Nature Pack/Prefabs/ZLPP_Cliff_A_16.prefab using Guid(c3ff6e1ebe22b4246b26affbec6ff3ea) Importer(815301076,1909f56bfc062723c751e8b465ee728b)  -> (artifact id: '845545d632f0f80f84f8bb049916cccf') in 0.012635 seconds 
========================================================================
Received Import Request.
  Time since last request: 0.000022 seconds.
  path: Assets/Plugins/Z ! Low Poly Nature Pack/Prefabs/ZLPP_Cloud_A_9.prefab
  artifactKey: Guid(259ecd765e73dd247a3e9304be57efc3) Importer(815301076,1909f56bfc062723c751e8b465ee728b)
Start importing Assets/Plugins/Z ! Low Poly Nature Pack/Prefabs/ZLPP_Cloud_A_9.prefab using Guid(259ecd765e73dd247a3e9304be57efc3) Importer(815301076,1909f56bfc062723c751e8b465ee728b)  -> (artifact id: '6447a3ad5d92078bf7a259df64c75bf9') in 0.010043 seconds 
========================================================================
Received Import Request.
  Time since last request: 0.000024 seconds.
  path: Assets/Plugins/Z ! Low Poly Nature Pack/Prefabs/ZLPP_Cloud_A_5.prefab
  artifactKey: Guid(8b7546498c9fd1e4c93ae5452e476d07) Importer(815301076,1909f56bfc062723c751e8b465ee728b)
Start importing Assets/Plugins/Z ! Low Poly Nature Pack/Prefabs/ZLPP_Cloud_A_5.prefab using Guid(8b7546498c9fd1e4c93ae5452e476d07) Importer(815301076,1909f56bfc062723c751e8b465ee728b)  -> (artifact id: '3fcfd7a10b01842b4b2b89e1a14827a4') in 0.014407 seconds 
========================================================================
Received Import Request.
  Time since last request: 0.000024 seconds.
  path: Assets/Plugins/Z ! Low Poly Nature Pack/Prefabs/ZLPP_Cloud_A_8.prefab
  artifactKey: Guid(209a4710984ef7941b7527f6c3807671) Importer(815301076,1909f56bfc062723c751e8b465ee728b)
Start importing Assets/Plugins/Z ! Low Poly Nature Pack/Prefabs/ZLPP_Cloud_A_8.prefab using Guid(209a4710984ef7941b7527f6c3807671) Importer(815301076,1909f56bfc062723c751e8b465ee728b)  -> (artifact id: 'fe46e30f4db499337e5f1316fa83b423') in 0.012301 seconds 
========================================================================
Received Import Request.
  Time since last request: 0.000022 seconds.
  path: Assets/Plugins/Z ! Low Poly Nature Pack/Prefabs/ZLPP_Cloud_A_1.prefab
  artifactKey: Guid(c2ac56bb41e1e484ba7b648bd1f0b354) Importer(815301076,1909f56bfc062723c751e8b465ee728b)
Start importing Assets/Plugins/Z ! Low Poly Nature Pack/Prefabs/ZLPP_Cloud_A_1.prefab using Guid(c2ac56bb41e1e484ba7b648bd1f0b354) Importer(815301076,1909f56bfc062723c751e8b465ee728b)  -> (artifact id: 'e9cac6f8c55ac4ccd3635e5a6127ed96') in 0.014599 seconds 
========================================================================
Received Import Request.
  Time since last request: 0.000027 seconds.
  path: Assets/Plugins/Z ! Low Poly Nature Pack/Prefabs/ZLPP_Cloud_A_7.prefab
  artifactKey: Guid(ea3527c056dd668419ccdf773254d641) Importer(815301076,1909f56bfc062723c751e8b465ee728b)
Start importing Assets/Plugins/Z ! Low Poly Nature Pack/Prefabs/ZLPP_Cloud_A_7.prefab using Guid(ea3527c056dd668419ccdf773254d641) Importer(815301076,1909f56bfc062723c751e8b465ee728b)  -> (artifact id: '4e51cb8b7d87a1e905dba8ac6f338750') in 0.010781 seconds 
========================================================================
Received Import Request.
  Time since last request: 0.882062 seconds.
  path: Assets/Plugins/Z ! Low Poly Nature Pack/Prefabs/ZLPP_Flower_A_4.prefab
  artifactKey: Guid(a9c4ef93c4997f641a371fb715a358f9) Importer(815301076,1909f56bfc062723c751e8b465ee728b)
Start importing Assets/Plugins/Z ! Low Poly Nature Pack/Prefabs/ZLPP_Flower_A_4.prefab using Guid(a9c4ef93c4997f641a371fb715a358f9) Importer(815301076,1909f56bfc062723c751e8b465ee728b)  -> (artifact id: 'b1c44165e59686f03591c36b9c15dbde') in 0.010918 seconds 
========================================================================
Received Import Request.
  Time since last request: 0.075142 seconds.
  path: Assets/Plugins/Z ! Low Poly Nature Pack/Prefabs/ZLPP_Grass_A_01.prefab
  artifactKey: Guid(595c69f54f2adde4d80ebac086fa0015) Importer(815301076,1909f56bfc062723c751e8b465ee728b)
Start importing Assets/Plugins/Z ! Low Poly Nature Pack/Prefabs/ZLPP_Grass_A_01.prefab using Guid(595c69f54f2adde4d80ebac086fa0015) Importer(815301076,1909f56bfc062723c751e8b465ee728b)  -> (artifact id: '35f38450125a750f127aa74969663a67') in 0.012226 seconds 
========================================================================
Received Import Request.
  Time since last request: 12.786179 seconds.
  path: Assets/Plugins/Z ! Low Poly Nature Pack/Materials/ZLPP_Plant_Emi.mat
  artifactKey: Guid(b14a9d33ed647f04ba29292a3b3856c2) Importer(815301076,1909f56bfc062723c751e8b465ee728b)
Start importing Assets/Plugins/Z ! Low Poly Nature Pack/Materials/ZLPP_Plant_Emi.mat using Guid(b14a9d33ed647f04ba29292a3b3856c2) Importer(815301076,1909f56bfc062723c751e8b465ee728b)  -> (artifact id: 'cb8e2ca5320a048598e3d1c2ad927770') in 0.018324 seconds 
========================================================================
Received Import Request.
  Time since last request: 18.729727 seconds.
  path: Assets/Plugins/Z ! Low Poly Nature Pack/Prefabs/ZLPP_Cliff_A_04.prefab
  artifactKey: Guid(19de67ce16f3f924ba0550a5151ec1e2) Importer(815301076,1909f56bfc062723c751e8b465ee728b)
Start importing Assets/Plugins/Z ! Low Poly Nature Pack/Prefabs/ZLPP_Cliff_A_04.prefab using Guid(19de67ce16f3f924ba0550a5151ec1e2) Importer(815301076,1909f56bfc062723c751e8b465ee728b)  -> (artifact id: '82b2c26ff3a4350ae3ba6638496842bd') in 0.013184 seconds 
========================================================================
Received Import Request.
  Time since last request: 0.000028 seconds.
  path: Assets/Plugins/Z ! Low Poly Nature Pack/Prefabs/ZLPP_Cliff_A_10.prefab
  artifactKey: Guid(946ab9a23b1679944bfa9576566102b7) Importer(815301076,1909f56bfc062723c751e8b465ee728b)
Start importing Assets/Plugins/Z ! Low Poly Nature Pack/Prefabs/ZLPP_Cliff_A_10.prefab using Guid(946ab9a23b1679944bfa9576566102b7) Importer(815301076,1909f56bfc062723c751e8b465ee728b)  -> (artifact id: '0a9a54340ae543e77db416a7c7e172ab') in 0.012191 seconds 
========================================================================
Received Import Request.
  Time since last request: 0.000028 seconds.
  path: Assets/Plugins/Z ! Low Poly Nature Pack/Prefabs/ZLPP_Cliff_A_14.prefab
  artifactKey: Guid(5c9c1588a693ab342a13e570bb79bb4f) Importer(815301076,1909f56bfc062723c751e8b465ee728b)
Start importing Assets/Plugins/Z ! Low Poly Nature Pack/Prefabs/ZLPP_Cliff_A_14.prefab using Guid(5c9c1588a693ab342a13e570bb79bb4f) Importer(815301076,1909f56bfc062723c751e8b465ee728b)  -> (artifact id: '4237374223830dcb51312215815f5459') in 0.011019 seconds 
========================================================================
Received Import Request.
  Time since last request: 0.000054 seconds.
  path: Assets/Plugins/Z ! Low Poly Nature Pack/Prefabs/ZLPP_Cloud_A_2.prefab
  artifactKey: Guid(3c7d8ca0976cc1a418ec282435b93f7c) Importer(815301076,1909f56bfc062723c751e8b465ee728b)
Start importing Assets/Plugins/Z ! Low Poly Nature Pack/Prefabs/ZLPP_Cloud_A_2.prefab using Guid(3c7d8ca0976cc1a418ec282435b93f7c) Importer(815301076,1909f56bfc062723c751e8b465ee728b)  -> (artifact id: 'e5f657ea8599423d1d5d20b3f4e2b9ee') in 0.011619 seconds 
========================================================================
Received Import Request.
  Time since last request: 0.000031 seconds.
  path: Assets/Plugins/Z ! Low Poly Nature Pack/Prefabs/ZLPP_Cloud_A_7.prefab
  artifactKey: Guid(ea3527c056dd668419ccdf773254d641) Importer(815301076,1909f56bfc062723c751e8b465ee728b)
Start importing Assets/Plugins/Z ! Low Poly Nature Pack/Prefabs/ZLPP_Cloud_A_7.prefab using Guid(ea3527c056dd668419ccdf773254d641) Importer(815301076,1909f56bfc062723c751e8b465ee728b)  -> (artifact id: 'c1c5d17cf07317bd2e85c915d8171daa') in 0.011270 seconds 
========================================================================
Received Import Request.
  Time since last request: 1.874553 seconds.
  path: Assets/Plugins/Z ! Low Poly Nature Pack/Prefabs/ZLPP_Flower_A_5.prefab
  artifactKey: Guid(93ab7e53adb3a6745be68a5839d75375) Importer(815301076,1909f56bfc062723c751e8b465ee728b)
Start importing Assets/Plugins/Z ! Low Poly Nature Pack/Prefabs/ZLPP_Flower_A_5.prefab using Guid(93ab7e53adb3a6745be68a5839d75375) Importer(815301076,1909f56bfc062723c751e8b465ee728b)  -> (artifact id: 'caeb352c7e8d782da1abf47855a11fcc') in 0.011267 seconds 
========================================================================
Received Import Request.
  Time since last request: 0.073679 seconds.
  path: Assets/Plugins/Z ! Low Poly Nature Pack/Prefabs/ZLPP_Grass_A_02.prefab
  artifactKey: Guid(870d23cc77152664cb3fb2795d466921) Importer(815301076,1909f56bfc062723c751e8b465ee728b)
Start importing Assets/Plugins/Z ! Low Poly Nature Pack/Prefabs/ZLPP_Grass_A_02.prefab using Guid(870d23cc77152664cb3fb2795d466921) Importer(815301076,1909f56bfc062723c751e8b465ee728b)  -> (artifact id: '1b757e516d7f7c21d6f04d6ea0143f1f') in 0.026739 seconds 
========================================================================
Received Import Request.
  Time since last request: 0.323865 seconds.
  path: Assets/Plugins/Z ! Low Poly Nature Pack/Prefabs/ZLPP_Grass_A_07.prefab
  artifactKey: Guid(5cd3565e895d229449df522996a00551) Importer(815301076,1909f56bfc062723c751e8b465ee728b)
Start importing Assets/Plugins/Z ! Low Poly Nature Pack/Prefabs/ZLPP_Grass_A_07.prefab using Guid(5cd3565e895d229449df522996a00551) Importer(815301076,1909f56bfc062723c751e8b465ee728b)  -> (artifact id: '5fd9982718d4a177cd924ed31d1fd6a8') in 0.009094 seconds 
========================================================================
Received Import Request.
  Time since last request: 0.865364 seconds.
  path: Assets/Plugins/Z ! Low Poly Nature Pack/Prefabs/ZLPP_Grass_A_12.prefab
  artifactKey: Guid(e4868e43becb1d548ade4f634e13520b) Importer(815301076,1909f56bfc062723c751e8b465ee728b)
Start importing Assets/Plugins/Z ! Low Poly Nature Pack/Prefabs/ZLPP_Grass_A_12.prefab using Guid(e4868e43becb1d548ade4f634e13520b) Importer(815301076,1909f56bfc062723c751e8b465ee728b)  -> (artifact id: '75d71132b61346cfa668698d973f473c') in 0.009865 seconds 
========================================================================
Received Import Request.
  Time since last request: 0.054466 seconds.
  path: Assets/Plugins/Z ! Low Poly Nature Pack/Prefabs/ZLPP_Grass_B_1.prefab
  artifactKey: Guid(74342ecd7a02aaa479cc73d1beabeda6) Importer(815301076,1909f56bfc062723c751e8b465ee728b)
Start importing Assets/Plugins/Z ! Low Poly Nature Pack/Prefabs/ZLPP_Grass_B_1.prefab using Guid(74342ecd7a02aaa479cc73d1beabeda6) Importer(815301076,1909f56bfc062723c751e8b465ee728b)  -> (artifact id: 'b3e4c2e299a047c439c54860e33b0c9b') in 0.009313 seconds 
========================================================================
Received Import Request.
  Time since last request: 0.338142 seconds.
  path: Assets/Plugins/Z ! Low Poly Nature Pack/Prefabs/ZLPP_Grass_C_1.prefab
  artifactKey: Guid(27f2739e4a29a65498fa11601cb60526) Importer(815301076,1909f56bfc062723c751e8b465ee728b)
Start importing Assets/Plugins/Z ! Low Poly Nature Pack/Prefabs/ZLPP_Grass_C_1.prefab using Guid(27f2739e4a29a65498fa11601cb60526) Importer(815301076,1909f56bfc062723c751e8b465ee728b)  -> (artifact id: '2ec3e5d102026773b395e9d22384d2d8') in 0.008951 seconds 
========================================================================
Received Import Request.
  Time since last request: 0.051235 seconds.
  path: Assets/Plugins/Z ! Low Poly Nature Pack/Prefabs/ZLPP_Grass_C_6.prefab
  artifactKey: Guid(366b1ca12de1f3d45bd174ff5dc6d605) Importer(815301076,1909f56bfc062723c751e8b465ee728b)
Start importing Assets/Plugins/Z ! Low Poly Nature Pack/Prefabs/ZLPP_Grass_C_6.prefab using Guid(366b1ca12de1f3d45bd174ff5dc6d605) Importer(815301076,1909f56bfc062723c751e8b465ee728b)  -> (artifact id: '703729a821713f343c97fbc84248bcb6') in 0.013007 seconds 
========================================================================
Received Import Request.
  Time since last request: 0.032997 seconds.
  path: Assets/Plugins/Z ! Low Poly Nature Pack/Prefabs/ZLPP_Grass_E_04.prefab
  artifactKey: Guid(9bf2ccdd13f24d44a8607796225e4eaa) Importer(815301076,1909f56bfc062723c751e8b465ee728b)
Start importing Assets/Plugins/Z ! Low Poly Nature Pack/Prefabs/ZLPP_Grass_E_04.prefab using Guid(9bf2ccdd13f24d44a8607796225e4eaa) Importer(815301076,1909f56bfc062723c751e8b465ee728b)  -> (artifact id: '2239316a6f5508529daf89c311bbe86d') in 0.009164 seconds 
========================================================================
Received Import Request.
  Time since last request: 0.128023 seconds.
  path: Assets/Plugins/Z ! Low Poly Nature Pack/Prefabs/ZLPP_Grass_E_09.prefab
  artifactKey: Guid(7f223f6c53404d64ebe18970c7031405) Importer(815301076,1909f56bfc062723c751e8b465ee728b)
Start importing Assets/Plugins/Z ! Low Poly Nature Pack/Prefabs/ZLPP_Grass_E_09.prefab using Guid(7f223f6c53404d64ebe18970c7031405) Importer(815301076,1909f56bfc062723c751e8b465ee728b)  -> (artifact id: '37723c174167c9d9ac7a784197a1ee8a') in 0.010029 seconds 
========================================================================
Received Import Request.
  Time since last request: 0.096828 seconds.
  path: Assets/Plugins/Z ! Low Poly Nature Pack/Prefabs/ZLPP_Grass_F_1.prefab
  artifactKey: Guid(6dab50f6862bdd943adac228617400fb) Importer(815301076,1909f56bfc062723c751e8b465ee728b)
Start importing Assets/Plugins/Z ! Low Poly Nature Pack/Prefabs/ZLPP_Grass_F_1.prefab using Guid(6dab50f6862bdd943adac228617400fb) Importer(815301076,1909f56bfc062723c751e8b465ee728b)  -> (artifact id: '64ff9573cccfd78d0ad2c2e916a73945') in 0.009038 seconds 
========================================================================
Received Import Request.
  Time since last request: 0.306149 seconds.
  path: Assets/Plugins/Z ! Low Poly Nature Pack/Prefabs/ZLPP_Grass_G_3.prefab
  artifactKey: Guid(6887f888adea48c468bf5a2b3e283105) Importer(815301076,1909f56bfc062723c751e8b465ee728b)
Start importing Assets/Plugins/Z ! Low Poly Nature Pack/Prefabs/ZLPP_Grass_G_3.prefab using Guid(6887f888adea48c468bf5a2b3e283105) Importer(815301076,1909f56bfc062723c751e8b465ee728b)  -> (artifact id: 'c546454afaf091e696eca795aec92d47') in 0.010119 seconds 
========================================================================
Received Import Request.
  Time since last request: 0.049517 seconds.
  path: Assets/Plugins/Z ! Low Poly Nature Pack/Prefabs/ZLPP_Grass_G_8.prefab
  artifactKey: Guid(5e01c9f00ab347241ba25929c90d63ca) Importer(815301076,1909f56bfc062723c751e8b465ee728b)
Start importing Assets/Plugins/Z ! Low Poly Nature Pack/Prefabs/ZLPP_Grass_G_8.prefab using Guid(5e01c9f00ab347241ba25929c90d63ca) Importer(815301076,1909f56bfc062723c751e8b465ee728b)  -> (artifact id: 'da0697784bc2d295e62b075d41fe7a74') in 0.011728 seconds 
========================================================================
Received Import Request.
  Time since last request: 0.000027 seconds.
  path: Assets/Plugins/Z ! Low Poly Nature Pack/Prefabs/ZLPP_Grass_I_3.prefab
  artifactKey: Guid(b5ea04ab456dc6e4eabda17f943dc48b) Importer(815301076,1909f56bfc062723c751e8b465ee728b)
Start importing Assets/Plugins/Z ! Low Poly Nature Pack/Prefabs/ZLPP_Grass_I_3.prefab using Guid(b5ea04ab456dc6e4eabda17f943dc48b) Importer(815301076,1909f56bfc062723c751e8b465ee728b)  -> (artifact id: '25390eb4d8545b284d578eca6653f11b') in 0.011433 seconds 
========================================================================
Received Import Request.
  Time since last request: 0.017863 seconds.
  path: Assets/Plugins/Z ! Low Poly Nature Pack/Prefabs/ZLPP_Grass_J_6.prefab
  artifactKey: Guid(a4d5d5366f47d5846929b8a56bf7b566) Importer(815301076,1909f56bfc062723c751e8b465ee728b)
Start importing Assets/Plugins/Z ! Low Poly Nature Pack/Prefabs/ZLPP_Grass_J_6.prefab using Guid(a4d5d5366f47d5846929b8a56bf7b566) Importer(815301076,1909f56bfc062723c751e8b465ee728b)  -> (artifact id: '6c7d6ccfd524817876dd917c9126046e') in 0.010941 seconds 
========================================================================
Received Import Request.
  Time since last request: 0.041624 seconds.
  path: Assets/Plugins/Z ! Low Poly Nature Pack/Prefabs/ZLPP_Grass_K_06.prefab
  artifactKey: Guid(631b272f312b6f144a8383611f1d335f) Importer(815301076,1909f56bfc062723c751e8b465ee728b)
Start importing Assets/Plugins/Z ! Low Poly Nature Pack/Prefabs/ZLPP_Grass_K_06.prefab using Guid(631b272f312b6f144a8383611f1d335f) Importer(815301076,1909f56bfc062723c751e8b465ee728b)  -> (artifact id: 'd15f6020a7845d08238d056beee4cc01') in 0.009472 seconds 
========================================================================
Received Import Request.
  Time since last request: 0.000026 seconds.
  path: Assets/Plugins/Z ! Low Poly Nature Pack/Prefabs/ZLPP_Grass_K_12.prefab
  artifactKey: Guid(292dc1d659adf2744b552bc9d1001a6d) Importer(815301076,1909f56bfc062723c751e8b465ee728b)
Start importing Assets/Plugins/Z ! Low Poly Nature Pack/Prefabs/ZLPP_Grass_K_12.prefab using Guid(292dc1d659adf2744b552bc9d1001a6d) Importer(815301076,1909f56bfc062723c751e8b465ee728b)  -> (artifact id: '5c719c06d1a3fc40031787f6f571da12') in 0.010925 seconds 
========================================================================
Received Import Request.
  Time since last request: 0.018404 seconds.
  path: Assets/Plugins/Z ! Low Poly Nature Pack/Prefabs/ZLPP_Grass_K_16.prefab
  artifactKey: Guid(b20cecfe58db95f489bd1e78105af1d1) Importer(815301076,1909f56bfc062723c751e8b465ee728b)
Start importing Assets/Plugins/Z ! Low Poly Nature Pack/Prefabs/ZLPP_Grass_K_16.prefab using Guid(b20cecfe58db95f489bd1e78105af1d1) Importer(815301076,1909f56bfc062723c751e8b465ee728b)  -> (artifact id: 'e7f64c3e1acf10edf934db808b0f31fe') in 0.009066 seconds 
========================================================================
Received Import Request.
  Time since last request: 0.033603 seconds.
  path: Assets/Plugins/Z ! Low Poly Nature Pack/Prefabs/ZLPP_Grass_K_21.prefab
  artifactKey: Guid(8367c76a96f968b44983837233178f45) Importer(815301076,1909f56bfc062723c751e8b465ee728b)
Start importing Assets/Plugins/Z ! Low Poly Nature Pack/Prefabs/ZLPP_Grass_K_21.prefab using Guid(8367c76a96f968b44983837233178f45) Importer(815301076,1909f56bfc062723c751e8b465ee728b)  -> (artifact id: '87a816218b8499b2e80e9054aa4dcea2') in 0.008856 seconds 
========================================================================
Received Import Request.
  Time since last request: 0.032519 seconds.
  path: Assets/Plugins/Z ! Low Poly Nature Pack/Prefabs/ZLPP_Ground_A_04.prefab
  artifactKey: Guid(cca46e847629973408683d54e9e05611) Importer(815301076,1909f56bfc062723c751e8b465ee728b)
Start importing Assets/Plugins/Z ! Low Poly Nature Pack/Prefabs/ZLPP_Ground_A_04.prefab using Guid(cca46e847629973408683d54e9e05611) Importer(815301076,1909f56bfc062723c751e8b465ee728b)  -> (artifact id: 'dcab48fcd00c9a5eb9cbf15f40f4daa5') in 0.009748 seconds 
========================================================================
Received Import Request.
  Time since last request: 0.164810 seconds.
  path: Assets/Plugins/Z ! Low Poly Nature Pack/Prefabs/ZLPP_Ground_A_09.prefab
  artifactKey: Guid(f3448bb8b2f6cb544ba0da9b80fb5cea) Importer(815301076,1909f56bfc062723c751e8b465ee728b)
Start importing Assets/Plugins/Z ! Low Poly Nature Pack/Prefabs/ZLPP_Ground_A_09.prefab using Guid(f3448bb8b2f6cb544ba0da9b80fb5cea) Importer(815301076,1909f56bfc062723c751e8b465ee728b)  -> (artifact id: '8bcbf7a398f272db2957e165b6c84e4a') in 0.009433 seconds 
========================================================================
Received Import Request.
  Time since last request: 0.048199 seconds.
  path: Assets/Plugins/Z ! Low Poly Nature Pack/Prefabs/ZLPP_Ground_A_14.prefab
  artifactKey: Guid(a4e44176e87b957458eeda86c9ea29f3) Importer(815301076,1909f56bfc062723c751e8b465ee728b)
Start importing Assets/Plugins/Z ! Low Poly Nature Pack/Prefabs/ZLPP_Ground_A_14.prefab using Guid(a4e44176e87b957458eeda86c9ea29f3) Importer(815301076,1909f56bfc062723c751e8b465ee728b)  -> (artifact id: '9d324f4a39a2af33cf69097cd1fe8ee4') in 0.011464 seconds 
========================================================================
Received Import Request.
  Time since last request: 0.059535 seconds.
  path: Assets/Plugins/Z ! Low Poly Nature Pack/Prefabs/ZLPP_Ground_B_6.prefab
  artifactKey: Guid(cfa3c3e717931474f8521b9479b3a075) Importer(815301076,1909f56bfc062723c751e8b465ee728b)
Start importing Assets/Plugins/Z ! Low Poly Nature Pack/Prefabs/ZLPP_Ground_B_6.prefab using Guid(cfa3c3e717931474f8521b9479b3a075) Importer(815301076,1909f56bfc062723c751e8b465ee728b)  -> (artifact id: '911a864bde793cd69bc5f0d6e0fee16d') in 0.009926 seconds 
========================================================================
Received Import Request.
  Time since last request: 0.356107 seconds.
  path: Assets/Plugins/Z ! Low Poly Nature Pack/Prefabs/ZLPP_Mushroom_A_08.prefab
  artifactKey: Guid(b0032664a52e64a438b363759023f8b5) Importer(815301076,1909f56bfc062723c751e8b465ee728b)
Start importing Assets/Plugins/Z ! Low Poly Nature Pack/Prefabs/ZLPP_Mushroom_A_08.prefab using Guid(b0032664a52e64a438b363759023f8b5) Importer(815301076,1909f56bfc062723c751e8b465ee728b)  -> (artifact id: 'e33a854c2a1ccfc0321dd6ab4ecf63b7') in 0.009083 seconds 
========================================================================
Received Import Request.
  Time since last request: 0.043590 seconds.
  path: Assets/Plugins/Z ! Low Poly Nature Pack/Prefabs/ZLPP_Mushroom_A_13.prefab
  artifactKey: Guid(1fa0039628912d446aac6f6662ff2de5) Importer(815301076,1909f56bfc062723c751e8b465ee728b)
Start importing Assets/Plugins/Z ! Low Poly Nature Pack/Prefabs/ZLPP_Mushroom_A_13.prefab using Guid(1fa0039628912d446aac6f6662ff2de5) Importer(815301076,1909f56bfc062723c751e8b465ee728b)  -> (artifact id: '8ab75d0de48671b4914e57fc35e2e65f') in 0.009989 seconds 
========================================================================
Received Import Request.
  Time since last request: 0.000024 seconds.
  path: Assets/Plugins/Z ! Low Poly Nature Pack/Prefabs/ZLPP_Mushroom_A_19.prefab
  artifactKey: Guid(26615d870be8fb8449d31e526a3e0877) Importer(815301076,1909f56bfc062723c751e8b465ee728b)
Start importing Assets/Plugins/Z ! Low Poly Nature Pack/Prefabs/ZLPP_Mushroom_A_19.prefab using Guid(26615d870be8fb8449d31e526a3e0877) Importer(815301076,1909f56bfc062723c751e8b465ee728b)  -> (artifact id: '2ba6c0e7a7abc6d6daca2a946e69c324') in 0.009455 seconds 
========================================================================
Received Import Request.
  Time since last request: 0.017564 seconds.
  path: Assets/Plugins/Z ! Low Poly Nature Pack/Prefabs/ZLPP_Plant_A_3.prefab
  artifactKey: Guid(e464ddf8608499c44bb0498663e41a7f) Importer(815301076,1909f56bfc062723c751e8b465ee728b)
Start importing Assets/Plugins/Z ! Low Poly Nature Pack/Prefabs/ZLPP_Plant_A_3.prefab using Guid(e464ddf8608499c44bb0498663e41a7f) Importer(815301076,1909f56bfc062723c751e8b465ee728b)  -> (artifact id: '03dd2bf02473fb824424e678caf722c8') in 0.010774 seconds 
========================================================================
Received Import Request.
  Time since last request: 0.033282 seconds.
  path: Assets/Plugins/Z ! Low Poly Nature Pack/Prefabs/ZLPP_Plant_B_1.prefab
  artifactKey: Guid(d25887201c0ed134d874689b12a5ce77) Importer(815301076,1909f56bfc062723c751e8b465ee728b)
Start importing Assets/Plugins/Z ! Low Poly Nature Pack/Prefabs/ZLPP_Plant_B_1.prefab using Guid(d25887201c0ed134d874689b12a5ce77) Importer(815301076,1909f56bfc062723c751e8b465ee728b)  -> (artifact id: 'b176867f7ee579ae8b1b2b723cfb4c0a') in 0.009760 seconds 
========================================================================
Received Import Request.
  Time since last request: 0.000029 seconds.
  path: Assets/Plugins/Z ! Low Poly Nature Pack/Prefabs/ZLPP_Plant_B_6.prefab
  artifactKey: Guid(136ea523ea33b784ebd8d64218002d55) Importer(815301076,1909f56bfc062723c751e8b465ee728b)
Start importing Assets/Plugins/Z ! Low Poly Nature Pack/Prefabs/ZLPP_Plant_B_6.prefab using Guid(136ea523ea33b784ebd8d64218002d55) Importer(815301076,1909f56bfc062723c751e8b465ee728b)  -> (artifact id: 'c20aa5deadee9483af87f34f304d7a7f') in 0.012099 seconds 
========================================================================
Received Import Request.
  Time since last request: 0.263626 seconds.
  path: Assets/Plugins/Z ! Low Poly Nature Pack/Prefabs/ZLPP_Plant_C_3.prefab
  artifactKey: Guid(1755ba6fc2c4a1b47a8c8d061d4b8005) Importer(815301076,1909f56bfc062723c751e8b465ee728b)
Start importing Assets/Plugins/Z ! Low Poly Nature Pack/Prefabs/ZLPP_Plant_C_3.prefab using Guid(1755ba6fc2c4a1b47a8c8d061d4b8005) Importer(815301076,1909f56bfc062723c751e8b465ee728b)  -> (artifact id: 'df9d7028110366a45fc79792a0acf966') in 0.009308 seconds 
========================================================================
Received Import Request.
  Time since last request: 0.049218 seconds.
  path: Assets/Plugins/Z ! Low Poly Nature Pack/Prefabs/ZLPP_Plant_C_8.prefab
  artifactKey: Guid(0100e1a7d1b56814c8596a9b5ffb4bc1) Importer(815301076,1909f56bfc062723c751e8b465ee728b)
Start importing Assets/Plugins/Z ! Low Poly Nature Pack/Prefabs/ZLPP_Plant_C_8.prefab using Guid(0100e1a7d1b56814c8596a9b5ffb4bc1) Importer(815301076,1909f56bfc062723c751e8b465ee728b)  -> (artifact id: 'ed9b474efd76bc47b4920c41885aab62') in 0.010648 seconds 
========================================================================
Received Import Request.
  Time since last request: 0.036457 seconds.
  path: Assets/Plugins/Z ! Low Poly Nature Pack/Prefabs/ZLPP_Plant_D_05.prefab
  artifactKey: Guid(48c7b6a30d5ed04459ba3bc5e2b3bd11) Importer(815301076,1909f56bfc062723c751e8b465ee728b)
Start importing Assets/Plugins/Z ! Low Poly Nature Pack/Prefabs/ZLPP_Plant_D_05.prefab using Guid(48c7b6a30d5ed04459ba3bc5e2b3bd11) Importer(815301076,1909f56bfc062723c751e8b465ee728b)  -> (artifact id: '6484682565f3052b4266153d2b453c48') in 0.008818 seconds 
========================================================================
Received Import Request.
  Time since last request: 0.337612 seconds.
  path: Assets/Plugins/Z ! Low Poly Nature Pack/Prefabs/ZLPP_Plant_D_10.prefab
  artifactKey: Guid(78e40dadbd0558b4bbdd6dfdbf058581) Importer(815301076,1909f56bfc062723c751e8b465ee728b)
Start importing Assets/Plugins/Z ! Low Poly Nature Pack/Prefabs/ZLPP_Plant_D_10.prefab using Guid(78e40dadbd0558b4bbdd6dfdbf058581) Importer(815301076,1909f56bfc062723c751e8b465ee728b)  -> (artifact id: '326e376252be764e560da15293d4f60f') in 0.010743 seconds 
========================================================================
Received Import Request.
  Time since last request: 0.044621 seconds.
  path: Assets/Plugins/Z ! Low Poly Nature Pack/Prefabs/ZLPP_Plant_E_4.prefab
  artifactKey: Guid(25680f53a85d51345882fa3b6a4aedfd) Importer(815301076,1909f56bfc062723c751e8b465ee728b)
Start importing Assets/Plugins/Z ! Low Poly Nature Pack/Prefabs/ZLPP_Plant_E_4.prefab using Guid(25680f53a85d51345882fa3b6a4aedfd) Importer(815301076,1909f56bfc062723c751e8b465ee728b)  -> (artifact id: '95207204c220c35bd2736e8621b23da9') in 0.010049 seconds 
========================================================================
Received Import Request.
  Time since last request: 0.032241 seconds.
  path: Assets/Plugins/Z ! Low Poly Nature Pack/Prefabs/ZLPP_Plant_F_08.prefab
  artifactKey: Guid(81120067bafd8ff409e60adae98bb923) Importer(815301076,1909f56bfc062723c751e8b465ee728b)
Start importing Assets/Plugins/Z ! Low Poly Nature Pack/Prefabs/ZLPP_Plant_F_08.prefab using Guid(81120067bafd8ff409e60adae98bb923) Importer(815301076,1909f56bfc062723c751e8b465ee728b)  -> (artifact id: 'c8e8ccd5f44db717db1a293c4d46ab2a') in 0.016017 seconds 
========================================================================
Received Import Request.
  Time since last request: 0.007243 seconds.
  path: Assets/Plugins/Z ! Low Poly Nature Pack/Prefabs/ZLPP_Plant_G_4.prefab
  artifactKey: Guid(c26af94847d92294fbac46a075137db9) Importer(815301076,1909f56bfc062723c751e8b465ee728b)
Start importing Assets/Plugins/Z ! Low Poly Nature Pack/Prefabs/ZLPP_Plant_G_4.prefab using Guid(c26af94847d92294fbac46a075137db9) Importer(815301076,1909f56bfc062723c751e8b465ee728b)  -> (artifact id: '609391b01305b0afe2598e1db644bcdd') in 0.014381 seconds 
========================================================================
Received Import Request.
  Time since last request: 0.002466 seconds.
  path: Assets/Plugins/Z ! Low Poly Nature Pack/Prefabs/ZLPP_Plant_H_3.prefab
  artifactKey: Guid(aef5734f6ffdc28478597c7898761ad0) Importer(815301076,1909f56bfc062723c751e8b465ee728b)
Start importing Assets/Plugins/Z ! Low Poly Nature Pack/Prefabs/ZLPP_Plant_H_3.prefab using Guid(aef5734f6ffdc28478597c7898761ad0) Importer(815301076,1909f56bfc062723c751e8b465ee728b)  -> (artifact id: '642580f5ecd2778492395bccbfb126df') in 0.009035 seconds 
========================================================================
Received Import Request.
  Time since last request: 0.010870 seconds.
  path: Assets/Plugins/Z ! Low Poly Nature Pack/Prefabs/ZLPP_Plant_I_04.prefab
  artifactKey: Guid(c1fdc544842aeab4cb02f4768e234dc5) Importer(815301076,1909f56bfc062723c751e8b465ee728b)
Start importing Assets/Plugins/Z ! Low Poly Nature Pack/Prefabs/ZLPP_Plant_I_04.prefab using Guid(c1fdc544842aeab4cb02f4768e234dc5) Importer(815301076,1909f56bfc062723c751e8b465ee728b)  -> (artifact id: '68bfe6374a1a645596ce03c387c90e13') in 0.009548 seconds 
========================================================================
Received Import Request.
  Time since last request: 0.007417 seconds.
  path: Assets/Plugins/Z ! Low Poly Nature Pack/Prefabs/ZLPP_Plant_I_09.prefab
  artifactKey: Guid(9dbc06867dd9fe842be4b4368344920e) Importer(815301076,1909f56bfc062723c751e8b465ee728b)
Start importing Assets/Plugins/Z ! Low Poly Nature Pack/Prefabs/ZLPP_Plant_I_09.prefab using Guid(9dbc06867dd9fe842be4b4368344920e) Importer(815301076,1909f56bfc062723c751e8b465ee728b)  -> (artifact id: '93a3bc7875e473434ff4509e1866c29c') in 0.009071 seconds 
========================================================================
Received Import Request.
  Time since last request: 0.027484 seconds.
  path: Assets/Plugins/Z ! Low Poly Nature Pack/Prefabs/ZLPP_Plant_J_02.prefab
  artifactKey: Guid(c4cf7d3d22c2d3741bf7b93e0ceaccda) Importer(815301076,1909f56bfc062723c751e8b465ee728b)
Start importing Assets/Plugins/Z ! Low Poly Nature Pack/Prefabs/ZLPP_Plant_J_02.prefab using Guid(c4cf7d3d22c2d3741bf7b93e0ceaccda) Importer(815301076,1909f56bfc062723c751e8b465ee728b)  -> (artifact id: '029f8531d4cae28aa28b5525c65a1167') in 0.009077 seconds 
========================================================================
Received Import Request.
  Time since last request: 0.524918 seconds.
  path: Assets/Plugins/Z ! Low Poly Nature Pack/Prefabs/ZLPP_Plant_J_07.prefab
  artifactKey: Guid(b82bff49fb28e9140bb072d16f993cb4) Importer(815301076,1909f56bfc062723c751e8b465ee728b)
Start importing Assets/Plugins/Z ! Low Poly Nature Pack/Prefabs/ZLPP_Plant_J_07.prefab using Guid(b82bff49fb28e9140bb072d16f993cb4) Importer(815301076,1909f56bfc062723c751e8b465ee728b)  -> (artifact id: 'd12a9a49867621a453121de638ee604b') in 0.009502 seconds 
========================================================================
Received Import Request.
  Time since last request: 0.043544 seconds.
  path: Assets/Plugins/Z ! Low Poly Nature Pack/Prefabs/ZLPP_Plant_J_12.prefab
  artifactKey: Guid(8ac365b3bf244404aab83587f74e45bf) Importer(815301076,1909f56bfc062723c751e8b465ee728b)
Start importing Assets/Plugins/Z ! Low Poly Nature Pack/Prefabs/ZLPP_Plant_J_12.prefab using Guid(8ac365b3bf244404aab83587f74e45bf) Importer(815301076,1909f56bfc062723c751e8b465ee728b)  -> (artifact id: '586c4e4802d1bfdd4922867dc2e812ef') in 0.009708 seconds 
========================================================================
Received Import Request.
  Time since last request: 0.028999 seconds.
  path: Assets/Plugins/Z ! Low Poly Nature Pack/Prefabs/ZLPP_Plant_J_17.prefab
  artifactKey: Guid(cf1773ef5b64dd443b37933ed72c507c) Importer(815301076,1909f56bfc062723c751e8b465ee728b)
Start importing Assets/Plugins/Z ! Low Poly Nature Pack/Prefabs/ZLPP_Plant_J_17.prefab using Guid(cf1773ef5b64dd443b37933ed72c507c) Importer(815301076,1909f56bfc062723c751e8b465ee728b)  -> (artifact id: '90aa19ff72985b0ee9cd243649a43a00') in 0.010005 seconds 
========================================================================
Received Import Request.
  Time since last request: 0.273502 seconds.
  path: Assets/Plugins/Z ! Low Poly Nature Pack/Prefabs/ZLPP_Plant_K_04.prefab
  artifactKey: Guid(ce472e2f2456a7541b4d582b728b3d6a) Importer(815301076,1909f56bfc062723c751e8b465ee728b)
Start importing Assets/Plugins/Z ! Low Poly Nature Pack/Prefabs/ZLPP_Plant_K_04.prefab using Guid(ce472e2f2456a7541b4d582b728b3d6a) Importer(815301076,1909f56bfc062723c751e8b465ee728b)  -> (artifact id: '377f2406580ee6e60fd1d46e74739683') in 0.010543 seconds 
========================================================================
Received Import Request.
  Time since last request: 0.028387 seconds.
  path: Assets/Plugins/Z ! Low Poly Nature Pack/Prefabs/ZLPP_Plant_K_09.prefab
  artifactKey: Guid(17a9e7caeb5d8754ba9d7fde5a25c741) Importer(815301076,1909f56bfc062723c751e8b465ee728b)
Start importing Assets/Plugins/Z ! Low Poly Nature Pack/Prefabs/ZLPP_Plant_K_09.prefab using Guid(17a9e7caeb5d8754ba9d7fde5a25c741) Importer(815301076,1909f56bfc062723c751e8b465ee728b)  -> (artifact id: '1c2d767f13db26b7695e6b686073d45e') in 0.009976 seconds 
========================================================================
Received Import Request.
  Time since last request: 0.011734 seconds.
  path: Assets/Plugins/Z ! Low Poly Nature Pack/Prefabs/ZLPP_Plant_L_2.prefab
  artifactKey: Guid(c8bf14efcd8826b49bcee9ce7b01d447) Importer(815301076,1909f56bfc062723c751e8b465ee728b)
Start importing Assets/Plugins/Z ! Low Poly Nature Pack/Prefabs/ZLPP_Plant_L_2.prefab using Guid(c8bf14efcd8826b49bcee9ce7b01d447) Importer(815301076,1909f56bfc062723c751e8b465ee728b)  -> (artifact id: 'ace2171af60dca2582bef6e4000b3f47') in 0.009674 seconds 
========================================================================
Received Import Request.
  Time since last request: 0.023722 seconds.
  path: Assets/Plugins/Z ! Low Poly Nature Pack/Prefabs/ZLPP_Plant_M_1.prefab
  artifactKey: Guid(ff4ba4e8f4c9a2a488d991b1590e5074) Importer(815301076,1909f56bfc062723c751e8b465ee728b)
Start importing Assets/Plugins/Z ! Low Poly Nature Pack/Prefabs/ZLPP_Plant_M_1.prefab using Guid(ff4ba4e8f4c9a2a488d991b1590e5074) Importer(815301076,1909f56bfc062723c751e8b465ee728b)  -> (artifact id: 'f97afbac487176822acc3a528330889e') in 0.009031 seconds 
========================================================================
Received Import Request.
  Time since last request: 0.007888 seconds.
  path: Assets/Plugins/Z ! Low Poly Nature Pack/Prefabs/ZLPP_Plant_M_6.prefab
  artifactKey: Guid(e0f99b1c169c1334da44217617e79fb6) Importer(815301076,1909f56bfc062723c751e8b465ee728b)
Start importing Assets/Plugins/Z ! Low Poly Nature Pack/Prefabs/ZLPP_Plant_M_6.prefab using Guid(e0f99b1c169c1334da44217617e79fb6) Importer(815301076,1909f56bfc062723c751e8b465ee728b)  -> (artifact id: '5797915d8ac5b07c61294a70369d516c') in 0.011513 seconds 
========================================================================
Received Import Request.
  Time since last request: 0.024487 seconds.
  path: Assets/Plugins/Z ! Low Poly Nature Pack/Prefabs/ZLPP_Plant_N_3.prefab
  artifactKey: Guid(104b300ed3d1ea84184854fb1e1171ac) Importer(815301076,1909f56bfc062723c751e8b465ee728b)
Start importing Assets/Plugins/Z ! Low Poly Nature Pack/Prefabs/ZLPP_Plant_N_3.prefab using Guid(104b300ed3d1ea84184854fb1e1171ac) Importer(815301076,1909f56bfc062723c751e8b465ee728b)  -> (artifact id: '7549a58580f8691450b8c65dbbee8f7d') in 0.010425 seconds 
========================================================================
Received Import Request.
  Time since last request: 0.032707 seconds.
  path: Assets/Plugins/Z ! Low Poly Nature Pack/Prefabs/ZLPP_Plant_O_05.prefab
  artifactKey: Guid(d817debdf78ee734fa3c2b7450c3f205) Importer(815301076,1909f56bfc062723c751e8b465ee728b)
Start importing Assets/Plugins/Z ! Low Poly Nature Pack/Prefabs/ZLPP_Plant_O_05.prefab using Guid(d817debdf78ee734fa3c2b7450c3f205) Importer(815301076,1909f56bfc062723c751e8b465ee728b)  -> (artifact id: 'c75c3ebc3991855e2975412715f7f284') in 0.010297 seconds 
========================================================================
Received Import Request.
  Time since last request: 0.380348 seconds.
  path: Assets/Plugins/Z ! Low Poly Nature Pack/Prefabs/ZLPP_Plant_O_10.prefab
  artifactKey: Guid(333632e6ae9836440a0d70e6cbf8e20a) Importer(815301076,1909f56bfc062723c751e8b465ee728b)
Start importing Assets/Plugins/Z ! Low Poly Nature Pack/Prefabs/ZLPP_Plant_O_10.prefab using Guid(333632e6ae9836440a0d70e6cbf8e20a) Importer(815301076,1909f56bfc062723c751e8b465ee728b)  -> (artifact id: 'f6970854ab1c82a30c4771603555db23') in 0.009918 seconds 
========================================================================
Received Import Request.
  Time since last request: 0.038811 seconds.
  path: Assets/Plugins/Z ! Low Poly Nature Pack/Prefabs/ZLPP_Plant_P_1.prefab
  artifactKey: Guid(e0b52595af6b51049814c0dc3fc6800c) Importer(815301076,1909f56bfc062723c751e8b465ee728b)
Start importing Assets/Plugins/Z ! Low Poly Nature Pack/Prefabs/ZLPP_Plant_P_1.prefab using Guid(e0b52595af6b51049814c0dc3fc6800c) Importer(815301076,1909f56bfc062723c751e8b465ee728b)  -> (artifact id: '017e206ffe0775fe84be402654737ce1') in 0.010152 seconds 
========================================================================
Received Import Request.
  Time since last request: 0.007576 seconds.
  path: Assets/Plugins/Z ! Low Poly Nature Pack/Prefabs/ZLPP_Plant_Q_02.prefab
  artifactKey: Guid(8a157452bac82884aa1a2b2b6b304729) Importer(815301076,1909f56bfc062723c751e8b465ee728b)
Start importing Assets/Plugins/Z ! Low Poly Nature Pack/Prefabs/ZLPP_Plant_Q_02.prefab using Guid(8a157452bac82884aa1a2b2b6b304729) Importer(815301076,1909f56bfc062723c751e8b465ee728b)  -> (artifact id: 'b22f8b0316919c282d84958e8b9af79d') in 0.011489 seconds 
========================================================================
Received Import Request.
  Time since last request: 0.000034 seconds.
  path: Assets/Plugins/Z ! Low Poly Nature Pack/Prefabs/ZLPP_Plant_R_03.prefab
  artifactKey: Guid(4dad8bb25a713b744ad8b46c925089bf) Importer(815301076,1909f56bfc062723c751e8b465ee728b)
Start importing Assets/Plugins/Z ! Low Poly Nature Pack/Prefabs/ZLPP_Plant_R_03.prefab using Guid(4dad8bb25a713b744ad8b46c925089bf) Importer(815301076,1909f56bfc062723c751e8b465ee728b)  -> (artifact id: '8cf06c3af79e1e50facb182d009a497a') in 0.018641 seconds 
========================================================================
Received Import Request.
  Time since last request: 0.000036 seconds.
  path: Assets/Plugins/Z ! Low Poly Nature Pack/Prefabs/ZLPP_Plant_Root_A_5.prefab
  artifactKey: Guid(a4e7a10b8893aba4f9f21995d0725650) Importer(815301076,1909f56bfc062723c751e8b465ee728b)
Start importing Assets/Plugins/Z ! Low Poly Nature Pack/Prefabs/ZLPP_Plant_Root_A_5.prefab using Guid(a4e7a10b8893aba4f9f21995d0725650) Importer(815301076,1909f56bfc062723c751e8b465ee728b)  -> (artifact id: 'd13cb526f1b965ead953003516b94828') in 0.023838 seconds 
========================================================================
Received Import Request.
  Time since last request: 0.003746 seconds.
  path: Assets/Plugins/Z ! Low Poly Nature Pack/Prefabs/ZLPP_Plant_S_05.prefab
  artifactKey: Guid(bc8bfac2344ed15438917c26d03f5ba4) Importer(815301076,1909f56bfc062723c751e8b465ee728b)
Start importing Assets/Plugins/Z ! Low Poly Nature Pack/Prefabs/ZLPP_Plant_S_05.prefab using Guid(bc8bfac2344ed15438917c26d03f5ba4) Importer(815301076,1909f56bfc062723c751e8b465ee728b)  -> (artifact id: 'ae864a1b7cac55b947af7a1cef873226') in 0.009908 seconds 
========================================================================
Received Import Request.
  Time since last request: 0.008781 seconds.
  path: Assets/Plugins/Z ! Low Poly Nature Pack/Prefabs/ZLPP_Plant_T_1.prefab
  artifactKey: Guid(faf4a17e2cd658244a6ea800a778b057) Importer(815301076,1909f56bfc062723c751e8b465ee728b)
Start importing Assets/Plugins/Z ! Low Poly Nature Pack/Prefabs/ZLPP_Plant_T_1.prefab using Guid(faf4a17e2cd658244a6ea800a778b057) Importer(815301076,1909f56bfc062723c751e8b465ee728b)  -> (artifact id: '1ff7e2bf1ddf2c4b5975277bf27a0299') in 0.011798 seconds 
========================================================================
Received Import Request.
  Time since last request: 0.000040 seconds.
  path: Assets/Plugins/Z ! Low Poly Nature Pack/Prefabs/ZLPP_Plant_T_6.prefab
  artifactKey: Guid(88407b05542c51140b571a446f22ffcb) Importer(815301076,1909f56bfc062723c751e8b465ee728b)
Start importing Assets/Plugins/Z ! Low Poly Nature Pack/Prefabs/ZLPP_Plant_T_6.prefab using Guid(88407b05542c51140b571a446f22ffcb) Importer(815301076,1909f56bfc062723c751e8b465ee728b)  -> (artifact id: 'e588c11d71e681784292c11e8196c58f') in 0.011627 seconds 
========================================================================
Received Import Request.
  Time since last request: 0.000942 seconds.
  path: Assets/Plugins/Z ! Low Poly Nature Pack/Prefabs/ZLPP_Rock_B_3.prefab
  artifactKey: Guid(63b4aac80b101134ba5ba06a090fe304) Importer(815301076,1909f56bfc062723c751e8b465ee728b)
Start importing Assets/Plugins/Z ! Low Poly Nature Pack/Prefabs/ZLPP_Rock_B_3.prefab using Guid(63b4aac80b101134ba5ba06a090fe304) Importer(815301076,1909f56bfc062723c751e8b465ee728b)  -> (artifact id: 'b75f8df518bea8c4730f1484777baf8a') in 0.010668 seconds 
========================================================================
Received Import Request.
  Time since last request: 0.011006 seconds.
  path: Assets/Plugins/Z ! Low Poly Nature Pack/Prefabs/ZLPP_Rock_C_05.prefab
  artifactKey: Guid(72f8cf9f7a6dd324f951a5c752e6ecaa) Importer(815301076,1909f56bfc062723c751e8b465ee728b)
Start importing Assets/Plugins/Z ! Low Poly Nature Pack/Prefabs/ZLPP_Rock_C_05.prefab using Guid(72f8cf9f7a6dd324f951a5c752e6ecaa) Importer(815301076,1909f56bfc062723c751e8b465ee728b)  -> (artifact id: 'eddbb610a5ddd7f8e8cf6928b4da6324') in 0.013429 seconds 
========================================================================
Received Import Request.
  Time since last request: 0.010976 seconds.
  path: Assets/Plugins/Z ! Low Poly Nature Pack/Prefabs/ZLPP_Rock_C_15.prefab
  artifactKey: Guid(bf15036902146c845bda93dc9d24b38d) Importer(815301076,1909f56bfc062723c751e8b465ee728b)
Start importing Assets/Plugins/Z ! Low Poly Nature Pack/Prefabs/ZLPP_Rock_C_15.prefab using Guid(bf15036902146c845bda93dc9d24b38d) Importer(815301076,1909f56bfc062723c751e8b465ee728b)  -> (artifact id: 'f619b4454b9635168b812b272cbf7536') in 0.009945 seconds 
========================================================================
Received Import Request.
  Time since last request: 0.007904 seconds.
  path: Assets/Plugins/Z ! Low Poly Nature Pack/Prefabs/ZLPP_Rock_D_05.prefab
  artifactKey: Guid(e913c19eb9eb7ea41b481f9d20fa8e01) Importer(815301076,1909f56bfc062723c751e8b465ee728b)
Start importing Assets/Plugins/Z ! Low Poly Nature Pack/Prefabs/ZLPP_Rock_D_05.prefab using Guid(e913c19eb9eb7ea41b481f9d20fa8e01) Importer(815301076,1909f56bfc062723c751e8b465ee728b)  -> (artifact id: '248f56e8a2dddcd3500b3ef5d7f13e7d') in 0.014834 seconds 
Editor requested this worker to shutdown with reason: Scaling down because of idle timeout
AssetImportWorker is now disconnected from the server
Process exiting
Exiting without the bug reporter. Application will terminate with return code 0