Using pre-set license
Built from '2021.3/china_unity/release' branch; Version is '2021.3.18f1c1 (93698379025b) revision 9660803'; Using compiler version '192829333'; Build Type 'Release'
OS: 'Windows 11  (10.0.22621) 64bit CoreCountrySpecific' Language: 'zh' Physical Memory: 16236 MB
BatchMode: 1, IsHumanControllingUs: 0, StartBugReporterOnCrash: 0, Is64bit: 1, IsPro: 1

COMMAND LINE ARGUMENTS:
D:\unity\unity\2021.3.18f1c1\Editor\Unity.exe
-adb2
-batchMode
-noUpm
-name
AssetImportWorker0
-projectPath
E:/Git docs/Ludum Dare/LudumDareGAME/GameJamOfLudumdare
-logFile
Logs/AssetImportWorker0.log
-srvPort
65250
Successfully changed project path to: E:/Git docs/Ludum Dare/LudumDareGAME/GameJamOfLudumdare
E:/Git docs/Ludum Dare/LudumDareGAME/GameJamOfLudumdare
[UnityMemory] Configuration Parameters - Can be set up in boot.config
    "memorysetup-bucket-allocator-granularity=16"
    "memorysetup-bucket-allocator-bucket-count=8"
    "memorysetup-bucket-allocator-block-size=33554432"
    "memorysetup-bucket-allocator-block-count=8"
    "memorysetup-main-allocator-block-size=16777216"
    "memorysetup-thread-allocator-block-size=16777216"
    "memorysetup-gfx-main-allocator-block-size=16777216"
    "memorysetup-gfx-thread-allocator-block-size=16777216"
    "memorysetup-cache-allocator-block-size=4194304"
    "memorysetup-typetree-allocator-block-size=2097152"
    "memorysetup-profiler-bucket-allocator-granularity=16"
    "memorysetup-profiler-bucket-allocator-bucket-count=8"
    "memorysetup-profiler-bucket-allocator-block-size=33554432"
    "memorysetup-profiler-bucket-allocator-block-count=8"
    "memorysetup-profiler-allocator-block-size=16777216"
    "memorysetup-profiler-editor-allocator-block-size=1048576"
    "memorysetup-temp-allocator-size-main=16777216"
    "memorysetup-job-temp-allocator-block-size=2097152"
    "memorysetup-job-temp-allocator-block-size-background=1048576"
    "memorysetup-job-temp-allocator-reduction-small-platforms=262144"
    "memorysetup-temp-allocator-size-background-worker=32768"
    "memorysetup-temp-allocator-size-job-worker=262144"
    "memorysetup-temp-allocator-size-preload-manager=33554432"
    "memorysetup-temp-allocator-size-nav-mesh-worker=65536"
    "memorysetup-temp-allocator-size-audio-worker=65536"
    "memorysetup-temp-allocator-size-cloud-worker=32768"
    "memorysetup-temp-allocator-size-gi-baking-worker=262144"
    "memorysetup-temp-allocator-size-gfx=262144"
Player connection [39748] Host "[IP] 192.168.1.103 [Port] 0 [Flags] 2 [Guid] 3138750301 [EditorId] 3138750301 [Version] 1048832 [Id] WindowsEditor(7,LAPTOP-G0V4H1KU) [Debug] 1 [PackageName] WindowsEditor [ProjectName] Editor" joined multi-casting on [225.0.0.222:54997]...

Player connection [39748] Host "[IP] 192.168.1.103 [Port] 0 [Flags] 2 [Guid] 3138750301 [EditorId] 3138750301 [Version] 1048832 [Id] WindowsEditor(7,LAPTOP-G0V4H1KU) [Debug] 1 [PackageName] WindowsEditor [ProjectName] Editor" joined alternative multi-casting on [225.0.0.222:34997]...

AS: AutoStreaming module initializing.
Refreshing native plugins compatible for Editor in 111.85 ms, found 3 plugins.
Preloading 0 native plugins for Editor in 0.00 ms.
Initialize engine version: 2021.3.18f1c1 (93698379025b)
[Subsystems] Discovering subsystems at path D:/unity/unity/2021.3.18f1c1/Editor/Data/Resources/UnitySubsystems
[Subsystems] Discovering subsystems at path E:/Git docs/Ludum Dare/LudumDareGAME/GameJamOfLudumdare/Assets
GfxDevice: creating device client; threaded=0; jobified=0
Direct3D:
    Version:  Direct3D 11.0 [level 11.1]
    Renderer: NVIDIA GeForce RTX 3070 Laptop GPU (ID=0x24dd)
    Vendor:   NVIDIA
    VRAM:     8044 MB
    Driver:   30.0.15.1236
Initialize mono
Mono path[0] = 'D:/unity/unity/2021.3.18f1c1/Editor/Data/Managed'
Mono path[1] = 'D:/unity/unity/2021.3.18f1c1/Editor/Data/MonoBleedingEdge/lib/mono/unityjit-win32'
Mono config path = 'D:/unity/unity/2021.3.18f1c1/Editor/Data/MonoBleedingEdge/etc'
Using monoOptions --debugger-agent=transport=dt_socket,embedding=1,server=y,suspend=n,address=127.0.0.1:56344
Begin MonoManager ReloadAssembly
Registering precompiled unity dll's ...
Register platform support module: D:/unity/unity/2021.3.18f1c1/Editor/Data/PlaybackEngines/WindowsStandaloneSupport/UnityEditor.WindowsStandalone.Extensions.dll
Registered in 0.003653 seconds.
Native extension for WindowsStandalone target not found
Refreshing native plugins compatible for Editor in 101.71 ms, found 3 plugins.
Preloading 0 native plugins for Editor in 0.00 ms.
Mono: successfully reloaded assembly
- Completed reload, in  0.765 seconds
Domain Reload Profiling:
	ReloadAssembly (765ms)
		BeginReloadAssembly (136ms)
			ExecutionOrderSort (0ms)
			DisableScriptedObjects (0ms)
			BackupInstance (0ms)
			ReleaseScriptingObjects (0ms)
			CreateAndSetChildDomain (1ms)
		EndReloadAssembly (484ms)
			LoadAssemblies (126ms)
			RebuildTransferFunctionScriptingTraits (0ms)
			SetupTypeCache (138ms)
			ReleaseScriptCaches (0ms)
			RebuildScriptCaches (30ms)
			SetupLoadedEditorAssemblies (251ms)
				LogAssemblyErrors (0ms)
				InitializePlatformSupportModulesInManaged (8ms)
				SetLoadedEditorAssemblies (0ms)
				RefreshPlugins (102ms)
				BeforeProcessingInitializeOnLoad (1ms)
				ProcessInitializeOnLoadAttributes (99ms)
				ProcessInitializeOnLoadMethodAttributes (40ms)
				AfterProcessingInitializeOnLoad (0ms)
				EditorAssembliesLoaded (0ms)
			ExecutionOrderSort2 (0ms)
			AwakeInstancesAfterBackupRestoration (0ms)
Platform modules already initialized, skipping
Registering precompiled user dll's ...
Registered in 0.015568 seconds.
Begin MonoManager ReloadAssembly
Symbol file LoadedFromMemory doesn't match image E:\Git docs\Ludum Dare\LudumDareGAME\GameJamOfLudumdare\Library\PackageCache\com.unity.visualscripting@1.8.0\Editor\VisualScripting.Core\Dependencies\YamlDotNet\Unity.VisualScripting.YamlDotNet.dll
Symbol file LoadedFromMemory doesn't match image E:\Git docs\Ludum Dare\LudumDareGAME\GameJamOfLudumdare\Library\PackageCache\com.unity.visualscripting@1.8.0\Editor\VisualScripting.Core\Dependencies\DotNetZip\Unity.VisualScripting.IonicZip.dll
Native extension for WindowsStandalone target not found
Refreshing native plugins compatible for Editor in 120.62 ms, found 3 plugins.
Preloading 0 native plugins for Editor in 0.00 ms.
Mono: successfully reloaded assembly
- Completed reload, in  1.208 seconds
Domain Reload Profiling:
	ReloadAssembly (1209ms)
		BeginReloadAssembly (122ms)
			ExecutionOrderSort (0ms)
			DisableScriptedObjects (5ms)
			BackupInstance (0ms)
			ReleaseScriptingObjects (0ms)
			CreateAndSetChildDomain (18ms)
		EndReloadAssembly (958ms)
			LoadAssemblies (107ms)
			RebuildTransferFunctionScriptingTraits (0ms)
			SetupTypeCache (217ms)
			ReleaseScriptCaches (1ms)
			RebuildScriptCaches (57ms)
			SetupLoadedEditorAssemblies (547ms)
				LogAssemblyErrors (0ms)
				InitializePlatformSupportModulesInManaged (3ms)
				SetLoadedEditorAssemblies (0ms)
				RefreshPlugins (121ms)
				BeforeProcessingInitializeOnLoad (87ms)
				ProcessInitializeOnLoadAttributes (245ms)
				ProcessInitializeOnLoadMethodAttributes (76ms)
				AfterProcessingInitializeOnLoad (15ms)
				EditorAssembliesLoaded (0ms)
			ExecutionOrderSort2 (0ms)
			AwakeInstancesAfterBackupRestoration (8ms)
Platform modules already initialized, skipping
========================================================================
Worker process is ready to serve import requests
Launched and connected shader compiler UnityShaderCompiler.exe after 0.07 seconds
Refreshing native plugins compatible for Editor in 0.95 ms, found 3 plugins.
Preloading 0 native plugins for Editor in 0.00 ms.
Unloading 5084 Unused Serialized files (Serialized files now loaded: 0)
Unloading 32 unused Assets / (0.7 MB). Loaded Objects now: 5542.
Memory consumption went from 209.6 MB to 208.9 MB.
Total: 3.764400 ms (FindLiveObjects: 0.406400 ms CreateObjectMapping: 0.349800 ms MarkObjects: 2.684500 ms  DeleteObjects: 0.322500 ms)

AssetImportParameters requested are different than current active one (requested -> active):
  custom:video-decoder-ogg-theora: a1e56fd34408186e4bbccfd4996cb3dc -> 
  custom:container-muxer-webm: aa71ff27fc2769a1b78a27578f13a17b -> 
  custom:container-demuxer-webm: 4f35f7cbe854078d1ac9338744f61a02 -> 
  custom:video-encoder-webm-vp8: eb34c28f22e8b96e1ab97ce403110664 -> 
  custom:video-codec-MediaFoundation-h265: 746d11721c4dcdbdad8f713fa42b33f4 -> 
  custom:audio-encoder-webm-vorbis: bf7c407c2cedff20999df2af8eb42d56 -> 
  custom:framework-win-MediaFoundation: 216162199b28c13a410421893ffa2e32 -> 
  custom:container-demuxer-ogg: 62fdf1f143b41e24485cea50d1cbac27 -> 
  custom:video-decoder-webm-vp8: 9c59270c3fd7afecdb556c50c9e8de78 -> 
  custom:audio-decoder-ogg-vorbis: bf7c407c2cedff20999df2af8eb42d56 -> 
========================================================================
Received Import Request.
  Time since last request: 155305.708310 seconds.
  path: Assets/Scripts_Jacky/Camera_controller.cs
  artifactKey: Guid(79e8c39341550144380f3b55072c499a) Importer(815301076,1909f56bfc062723c751e8b465ee728b)
Start importing Assets/Scripts_Jacky/Camera_controller.cs using Guid(79e8c39341550144380f3b55072c499a) Importer(815301076,1909f56bfc062723c751e8b465ee728b)  -> (artifact id: 'b7139fee698ffad5283e5c6c0d2cbe60') in 0.054898 seconds 
========================================================================
Received Import Request.
  Time since last request: 22.585538 seconds.
  path: Assets/Scripts_Jacky/Camera_controller.cs
  artifactKey: Guid(79e8c39341550144380f3b55072c499a) Importer(815301076,1909f56bfc062723c751e8b465ee728b)
Start importing Assets/Scripts_Jacky/Camera_controller.cs using Guid(79e8c39341550144380f3b55072c499a) Importer(815301076,1909f56bfc062723c751e8b465ee728b)  -> (artifact id: '3a4f4788551d3b22100be8f6c964cc58') in 0.002867 seconds 
========================================================================
Received Import Request.
  Time since last request: 18.885080 seconds.
  path: Assets/Scripts_Jacky/Camera_controller.cs
  artifactKey: Guid(79e8c39341550144380f3b55072c499a) Importer(815301076,1909f56bfc062723c751e8b465ee728b)
Start importing Assets/Scripts_Jacky/Camera_controller.cs using Guid(79e8c39341550144380f3b55072c499a) Importer(815301076,1909f56bfc062723c751e8b465ee728b)  -> (artifact id: '42b0bb73de1d17d219f55a2970c9295c') in 0.003041 seconds 
========================================================================
Received Import Request.
  Time since last request: 2.202037 seconds.
  path: Assets/Scripts_Jacky/Camera_controller.cs
  artifactKey: Guid(79e8c39341550144380f3b55072c499a) Importer(815301076,1909f56bfc062723c751e8b465ee728b)
Start importing Assets/Scripts_Jacky/Camera_controller.cs using Guid(79e8c39341550144380f3b55072c499a) Importer(815301076,1909f56bfc062723c751e8b465ee728b)  -> (artifact id: 'efb813514c3d195d286f4195dff8a1ec') in 0.001591 seconds 
========================================================================
Received Import Request.
  Time since last request: 7.218795 seconds.
  path: Assets/Scripts_Jacky/Camera_controller.cs
  artifactKey: Guid(79e8c39341550144380f3b55072c499a) Importer(815301076,1909f56bfc062723c751e8b465ee728b)
Start importing Assets/Scripts_Jacky/Camera_controller.cs using Guid(79e8c39341550144380f3b55072c499a) Importer(815301076,1909f56bfc062723c751e8b465ee728b)  -> (artifact id: '14c7ef7ebca19805d875c665862b1610') in 0.001801 seconds 
========================================================================
Received Import Request.
  Time since last request: 37.833915 seconds.
  path: Assets/Scripts_Jacky/Camera_controller.cs
  artifactKey: Guid(79e8c39341550144380f3b55072c499a) Importer(815301076,1909f56bfc062723c751e8b465ee728b)
Start importing Assets/Scripts_Jacky/Camera_controller.cs using Guid(79e8c39341550144380f3b55072c499a) Importer(815301076,1909f56bfc062723c751e8b465ee728b)  -> (artifact id: 'c58b04b2b34096dde25299ae8b15833d') in 0.003112 seconds 
========================================================================
Received Import Request.
  Time since last request: 4.011063 seconds.
  path: Assets/Scripts_Jacky/Camera_controller.cs
  artifactKey: Guid(79e8c39341550144380f3b55072c499a) Importer(815301076,1909f56bfc062723c751e8b465ee728b)
Start importing Assets/Scripts_Jacky/Camera_controller.cs using Guid(79e8c39341550144380f3b55072c499a) Importer(815301076,1909f56bfc062723c751e8b465ee728b)  -> (artifact id: '8528e5da207226b87ea9709f07a8a70a') in 0.002050 seconds 
========================================================================
Received Import Request.
  Time since last request: 15.254949 seconds.
  path: Assets/Scripts_Jacky/Camera_controller.cs
  artifactKey: Guid(79e8c39341550144380f3b55072c499a) Importer(815301076,1909f56bfc062723c751e8b465ee728b)
Start importing Assets/Scripts_Jacky/Camera_controller.cs using Guid(79e8c39341550144380f3b55072c499a) Importer(815301076,1909f56bfc062723c751e8b465ee728b)  -> (artifact id: '6c0912405bd505a8cb7e68eff882e2b0') in 0.001657 seconds 
========================================================================
Received Import Request.
  Time since last request: 9.605532 seconds.
  path: Assets/Scripts_Jacky/Camera_controller.cs
  artifactKey: Guid(79e8c39341550144380f3b55072c499a) Importer(815301076,1909f56bfc062723c751e8b465ee728b)
Start importing Assets/Scripts_Jacky/Camera_controller.cs using Guid(79e8c39341550144380f3b55072c499a) Importer(815301076,1909f56bfc062723c751e8b465ee728b)  -> (artifact id: 'a72fff3549e8ffc93c8887fb395f363d') in 0.001785 seconds 
========================================================================
Received Prepare
Registering precompiled user dll's ...
Registered in 0.016613 seconds.
Begin MonoManager ReloadAssembly
Symbol file LoadedFromMemory doesn't match image E:\Git docs\Ludum Dare\LudumDareGAME\GameJamOfLudumdare\Library\PackageCache\com.unity.visualscripting@1.8.0\Editor\VisualScripting.Core\Dependencies\YamlDotNet\Unity.VisualScripting.YamlDotNet.dll
Symbol file LoadedFromMemory doesn't match image E:\Git docs\Ludum Dare\LudumDareGAME\GameJamOfLudumdare\Library\PackageCache\com.unity.visualscripting@1.8.0\Editor\VisualScripting.Core\Dependencies\DotNetZip\Unity.VisualScripting.IonicZip.dll
Native extension for WindowsStandalone target not found
Refreshing native plugins compatible for Editor in 1.11 ms, found 3 plugins.
Preloading 0 native plugins for Editor in 0.00 ms.
Mono: successfully reloaded assembly
- Completed reload, in  1.008 seconds
Domain Reload Profiling:
	ReloadAssembly (1008ms)
		BeginReloadAssembly (158ms)
			ExecutionOrderSort (0ms)
			DisableScriptedObjects (4ms)
			BackupInstance (0ms)
			ReleaseScriptingObjects (0ms)
			CreateAndSetChildDomain (39ms)
		EndReloadAssembly (745ms)
			LoadAssemblies (110ms)
			RebuildTransferFunctionScriptingTraits (0ms)
			SetupTypeCache (201ms)
			ReleaseScriptCaches (2ms)
			RebuildScriptCaches (36ms)
			SetupLoadedEditorAssemblies (365ms)
				LogAssemblyErrors (0ms)
				InitializePlatformSupportModulesInManaged (11ms)
				SetLoadedEditorAssemblies (0ms)
				RefreshPlugins (1ms)
				BeforeProcessingInitializeOnLoad (70ms)
				ProcessInitializeOnLoadAttributes (204ms)
				ProcessInitializeOnLoadMethodAttributes (65ms)
				AfterProcessingInitializeOnLoad (14ms)
				EditorAssembliesLoaded (0ms)
			ExecutionOrderSort2 (0ms)
			AwakeInstancesAfterBackupRestoration (16ms)
Platform modules already initialized, skipping
Refreshing native plugins compatible for Editor in 2.76 ms, found 3 plugins.
Preloading 0 native plugins for Editor in 0.00 ms.
Unloading 4941 Unused Serialized files (Serialized files now loaded: 0)
Unloading 25 unused Assets / (0.7 MB). Loaded Objects now: 5545.
Memory consumption went from 199.5 MB to 198.8 MB.
Total: 3.193000 ms (FindLiveObjects: 0.325700 ms CreateObjectMapping: 0.278700 ms MarkObjects: 2.303800 ms  DeleteObjects: 0.284100 ms)

AssetImportParameters requested are different than current active one (requested -> active):
  custom:video-decoder-ogg-theora: a1e56fd34408186e4bbccfd4996cb3dc -> 
  custom:container-muxer-webm: aa71ff27fc2769a1b78a27578f13a17b -> 
  custom:container-demuxer-webm: 4f35f7cbe854078d1ac9338744f61a02 -> 
  custom:video-encoder-webm-vp8: eb34c28f22e8b96e1ab97ce403110664 -> 
  custom:video-codec-MediaFoundation-h265: 746d11721c4dcdbdad8f713fa42b33f4 -> 
  custom:audio-encoder-webm-vorbis: bf7c407c2cedff20999df2af8eb42d56 -> 
  custom:framework-win-MediaFoundation: 216162199b28c13a410421893ffa2e32 -> 
  custom:container-demuxer-ogg: 62fdf1f143b41e24485cea50d1cbac27 -> 
  custom:video-decoder-webm-vp8: 9c59270c3fd7afecdb556c50c9e8de78 -> 
  custom:audio-decoder-ogg-vorbis: bf7c407c2cedff20999df2af8eb42d56 -> 
