Using pre-set license
Built from '2021.3/china_unity/release' branch; Version is '2021.3.18f1c1 (93698379025b) revision 9660803'; Using compiler version '192829333'; Build Type 'Release'
OS: 'Windows 11  (10.0.22621) 64bit CoreCountrySpecific' Language: 'zh' Physical Memory: 65154 MB
BatchMode: 1, IsHumanControllingUs: 0, StartBugReporterOnCrash: 0, Is64bit: 1, IsPro: 1

COMMAND LINE ARGUMENTS:
D:\Unity\UnityDifferentVertions\2021.3.18f1c1\Editor\Unity.exe
-adb2
-batchMode
-noUpm
-name
AssetImportWorker4
-projectPath
C:/Users/Zhangzonshuai/Documents/GitHub/LudumDareGAME/GameJamOfLudumdare
-logFile
Logs/AssetImportWorker4.log
-srvPort
56458
Successfully changed project path to: C:/Users/Zhangzonshuai/Documents/GitHub/LudumDareGAME/GameJamOfLudumdare
C:/Users/Zhangzonshuai/Documents/GitHub/LudumDareGAME/GameJamOfLudumdare
[UnityMemory] Configuration Parameters - Can be set up in boot.config
    "memorysetup-bucket-allocator-granularity=16"
    "memorysetup-bucket-allocator-bucket-count=8"
    "memorysetup-bucket-allocator-block-size=33554432"
    "memorysetup-bucket-allocator-block-count=8"
    "memorysetup-main-allocator-block-size=16777216"
    "memorysetup-thread-allocator-block-size=16777216"
    "memorysetup-gfx-main-allocator-block-size=16777216"
    "memorysetup-gfx-thread-allocator-block-size=16777216"
    "memorysetup-cache-allocator-block-size=4194304"
    "memorysetup-typetree-allocator-block-size=2097152"
    "memorysetup-profiler-bucket-allocator-granularity=16"
    "memorysetup-profiler-bucket-allocator-bucket-count=8"
    "memorysetup-profiler-bucket-allocator-block-size=33554432"
    "memorysetup-profiler-bucket-allocator-block-count=8"
    "memorysetup-profiler-allocator-block-size=16777216"
    "memorysetup-profiler-editor-allocator-block-size=1048576"
    "memorysetup-temp-allocator-size-main=16777216"
    "memorysetup-job-temp-allocator-block-size=2097152"
    "memorysetup-job-temp-allocator-block-size-background=1048576"
    "memorysetup-job-temp-allocator-reduction-small-platforms=262144"
    "memorysetup-temp-allocator-size-background-worker=32768"
    "memorysetup-temp-allocator-size-job-worker=262144"
    "memorysetup-temp-allocator-size-preload-manager=33554432"
    "memorysetup-temp-allocator-size-nav-mesh-worker=65536"
    "memorysetup-temp-allocator-size-audio-worker=65536"
    "memorysetup-temp-allocator-size-cloud-worker=32768"
    "memorysetup-temp-allocator-size-gi-baking-worker=262144"
    "memorysetup-temp-allocator-size-gfx=262144"
Player connection [37876] Host "[IP] 192.168.1.29 [Port] 0 [Flags] 2 [Guid] 976579768 [EditorId] 976579768 [Version] 1048832 [Id] WindowsEditor(7,Barry) [Debug] 1 [PackageName] WindowsEditor [ProjectName] Editor" joined multi-casting on [225.0.0.222:54997]...

Player connection [37876] Host "[IP] 192.168.1.29 [Port] 0 [Flags] 2 [Guid] 976579768 [EditorId] 976579768 [Version] 1048832 [Id] WindowsEditor(7,Barry) [Debug] 1 [PackageName] WindowsEditor [ProjectName] Editor" joined alternative multi-casting on [225.0.0.222:34997]...

AS: AutoStreaming module initializing.
Refreshing native plugins compatible for Editor in 75.96 ms, found 3 plugins.
Preloading 0 native plugins for Editor in 0.00 ms.
Initialize engine version: 2021.3.18f1c1 (93698379025b)
[Subsystems] Discovering subsystems at path D:/Unity/UnityDifferentVertions/2021.3.18f1c1/Editor/Data/Resources/UnitySubsystems
[Subsystems] Discovering subsystems at path C:/Users/Zhangzonshuai/Documents/GitHub/LudumDareGAME/GameJamOfLudumdare/Assets
GfxDevice: creating device client; threaded=0; jobified=0
Direct3D:
    Version:  Direct3D 11.0 [level 11.1]
    Renderer: NVIDIA GeForce RTX 4080 Laptop GPU (ID=0x27e0)
    Vendor:   NVIDIA
    VRAM:     12011 MB
    Driver:   31.0.15.2866
Initialize mono
Mono path[0] = 'D:/Unity/UnityDifferentVertions/2021.3.18f1c1/Editor/Data/Managed'
Mono path[1] = 'D:/Unity/UnityDifferentVertions/2021.3.18f1c1/Editor/Data/MonoBleedingEdge/lib/mono/unityjit-win32'
Mono config path = 'D:/Unity/UnityDifferentVertions/2021.3.18f1c1/Editor/Data/MonoBleedingEdge/etc'
Using monoOptions --debugger-agent=transport=dt_socket,embedding=1,server=y,suspend=n,address=127.0.0.1:56572
Begin MonoManager ReloadAssembly
Registering precompiled unity dll's ...
Register platform support module: D:/Unity/UnityDifferentVertions/2021.3.18f1c1/Editor/Data/PlaybackEngines/WebGLSupport/UnityEditor.WebGL.Extensions.dll
Register platform support module: D:/Unity/UnityDifferentVertions/2021.3.18f1c1/Editor/Data/PlaybackEngines/WindowsStandaloneSupport/UnityEditor.WindowsStandalone.Extensions.dll
Registered in 0.004279 seconds.
Native extension for WindowsStandalone target not found
Native extension for WebGL target not found
Refreshing native plugins compatible for Editor in 74.71 ms, found 3 plugins.
Preloading 0 native plugins for Editor in 0.00 ms.
Mono: successfully reloaded assembly
- Completed reload, in  0.504 seconds
Domain Reload Profiling:
	ReloadAssembly (505ms)
		BeginReloadAssembly (76ms)
			ExecutionOrderSort (0ms)
			DisableScriptedObjects (0ms)
			BackupInstance (0ms)
			ReleaseScriptingObjects (0ms)
			CreateAndSetChildDomain (0ms)
		EndReloadAssembly (332ms)
			LoadAssemblies (72ms)
			RebuildTransferFunctionScriptingTraits (0ms)
			SetupTypeCache (75ms)
			ReleaseScriptCaches (0ms)
			RebuildScriptCaches (17ms)
			SetupLoadedEditorAssemblies (188ms)
				LogAssemblyErrors (0ms)
				InitializePlatformSupportModulesInManaged (6ms)
				SetLoadedEditorAssemblies (0ms)
				RefreshPlugins (75ms)
				BeforeProcessingInitializeOnLoad (1ms)
				ProcessInitializeOnLoadAttributes (73ms)
				ProcessInitializeOnLoadMethodAttributes (33ms)
				AfterProcessingInitializeOnLoad (0ms)
				EditorAssembliesLoaded (0ms)
			ExecutionOrderSort2 (0ms)
			AwakeInstancesAfterBackupRestoration (0ms)
Platform modules already initialized, skipping
Registering precompiled user dll's ...
Registered in 0.011904 seconds.
Begin MonoManager ReloadAssembly
Symbol file LoadedFromMemory doesn't match image C:\Users\Zhangzonshuai\Documents\GitHub\LudumDareGAME\GameJamOfLudumdare\Library\PackageCache\com.unity.visualscripting@1.8.0\Editor\VisualScripting.Core\Dependencies\YamlDotNet\Unity.VisualScripting.YamlDotNet.dll
Symbol file LoadedFromMemory doesn't match image C:\Users\Zhangzonshuai\Documents\GitHub\LudumDareGAME\GameJamOfLudumdare\Library\PackageCache\com.unity.visualscripting@1.8.0\Editor\VisualScripting.Core\Dependencies\DotNetZip\Unity.VisualScripting.IonicZip.dll
Native extension for WindowsStandalone target not found
Native extension for WebGL target not found
Refreshing native plugins compatible for Editor in 72.55 ms, found 3 plugins.
Preloading 0 native plugins for Editor in 0.00 ms.
Mono: successfully reloaded assembly
- Completed reload, in  0.788 seconds
Domain Reload Profiling:
	ReloadAssembly (788ms)
		BeginReloadAssembly (80ms)
			ExecutionOrderSort (0ms)
			DisableScriptedObjects (3ms)
			BackupInstance (0ms)
			ReleaseScriptingObjects (0ms)
			CreateAndSetChildDomain (12ms)
		EndReloadAssembly (628ms)
			LoadAssemblies (72ms)
			RebuildTransferFunctionScriptingTraits (0ms)
			SetupTypeCache (146ms)
			ReleaseScriptCaches (0ms)
			RebuildScriptCaches (39ms)
			SetupLoadedEditorAssemblies (347ms)
				LogAssemblyErrors (0ms)
				InitializePlatformSupportModulesInManaged (3ms)
				SetLoadedEditorAssemblies (0ms)
				RefreshPlugins (73ms)
				BeforeProcessingInitializeOnLoad (64ms)
				ProcessInitializeOnLoadAttributes (156ms)
				ProcessInitializeOnLoadMethodAttributes (42ms)
				AfterProcessingInitializeOnLoad (9ms)
				EditorAssembliesLoaded (0ms)
			ExecutionOrderSort2 (0ms)
			AwakeInstancesAfterBackupRestoration (6ms)
Platform modules already initialized, skipping
========================================================================
Worker process is ready to serve import requests
Launched and connected shader compiler UnityShaderCompiler.exe after 0.04 seconds
Refreshing native plugins compatible for Editor in 0.85 ms, found 3 plugins.
Preloading 0 native plugins for Editor in 0.00 ms.
Unloading 5084 Unused Serialized files (Serialized files now loaded: 0)
Unloading 42 unused Assets / (1.1 MB). Loaded Objects now: 5535.
Memory consumption went from 278.2 MB to 277.1 MB.
Total: 2.684100 ms (FindLiveObjects: 0.232400 ms CreateObjectMapping: 0.081700 ms MarkObjects: 2.051400 ms  DeleteObjects: 0.317500 ms)

AssetImportParameters requested are different than current active one (requested -> active):
  custom:video-decoder-ogg-theora: a1e56fd34408186e4bbccfd4996cb3dc -> 
  custom:container-muxer-webm: aa71ff27fc2769a1b78a27578f13a17b -> 
  custom:container-demuxer-webm: 4f35f7cbe854078d1ac9338744f61a02 -> 
  custom:video-encoder-webm-vp8: eb34c28f22e8b96e1ab97ce403110664 -> 
  custom:video-codec-MediaFoundation-h265: 746d11721c4dcdbdad8f713fa42b33f4 -> 
  custom:audio-encoder-webm-vorbis: bf7c407c2cedff20999df2af8eb42d56 -> 
  custom:framework-win-MediaFoundation: 216162199b28c13a410421893ffa2e32 -> 
  custom:container-demuxer-ogg: 62fdf1f143b41e24485cea50d1cbac27 -> 
  custom:video-decoder-webm-vp8: 9c59270c3fd7afecdb556c50c9e8de78 -> 
  custom:audio-decoder-ogg-vorbis: bf7c407c2cedff20999df2af8eb42d56 -> 
========================================================================
Received Import Request.
  Time since last request: 1187325.246876 seconds.
  path: Assets/Shuai_assets/Materia_of_water/CartonWater.mat
  artifactKey: Guid(0d0015292318fe243bc5f41ea3b7bc95) Importer(815301076,1909f56bfc062723c751e8b465ee728b)
Start importing Assets/Shuai_assets/Materia_of_water/CartonWater.mat using Guid(0d0015292318fe243bc5f41ea3b7bc95) Importer(815301076,1909f56bfc062723c751e8b465ee728b)  -> (artifact id: 'e14b440ee6476db5984236affe3ce45e') in 0.358254 seconds 
========================================================================
Received Import Request.
  Time since last request: 72.480613 seconds.
  path: Assets/Shuai_assets/Materia_of_water/CartonWater.mat
  artifactKey: Guid(0d0015292318fe243bc5f41ea3b7bc95) Importer(815301076,1909f56bfc062723c751e8b465ee728b)
Start importing Assets/Shuai_assets/Materia_of_water/CartonWater.mat using Guid(0d0015292318fe243bc5f41ea3b7bc95) Importer(815301076,1909f56bfc062723c751e8b465ee728b)  -> (artifact id: '990493960a0ec0f283522a489af44bea') in 0.015840 seconds 
========================================================================
Received Import Request.
  Time since last request: 1.505355 seconds.
  path: Assets/Shuai_assets/Materia_of_water/ShaderGraph
  artifactKey: Guid(0dd5f4ab99417844fa653fc206ec3896) Importer(815301076,1909f56bfc062723c751e8b465ee728b)
Start importing Assets/Shuai_assets/Materia_of_water/ShaderGraph using Guid(0dd5f4ab99417844fa653fc206ec3896) Importer(815301076,1909f56bfc062723c751e8b465ee728b)  -> (artifact id: 'f0aad1f3001a5b6914cb54b28468b9c3') in 0.003133 seconds 
========================================================================
Received Import Request.
  Time since last request: 1.865327 seconds.
  path: Assets/Shuai_assets/Materia_of_water/ShaderGraph/WaterEffect.shadergraph
  artifactKey: Guid(b17eaa004aaa0bd4f9a2be09d0df8633) Importer(815301076,1909f56bfc062723c751e8b465ee728b)
Start importing Assets/Shuai_assets/Materia_of_water/ShaderGraph/WaterEffect.shadergraph using Guid(b17eaa004aaa0bd4f9a2be09d0df8633) Importer(815301076,1909f56bfc062723c751e8b465ee728b)  -> (artifact id: 'd923c87d2b32a299386477421716fbb9') in 0.008549 seconds 
========================================================================
Received Import Request.
  Time since last request: 13.521810 seconds.
  path: Assets/Shuai_assets/Materia_of_water/ShaderGraph/WaterEffect.shadergraph
  artifactKey: Guid(b17eaa004aaa0bd4f9a2be09d0df8633) Importer(815301076,1909f56bfc062723c751e8b465ee728b)
Start importing Assets/Shuai_assets/Materia_of_water/ShaderGraph/WaterEffect.shadergraph using Guid(b17eaa004aaa0bd4f9a2be09d0df8633) Importer(815301076,1909f56bfc062723c751e8b465ee728b)  -> (artifact id: '861c76e7971d67affed49554a634bf14') in 0.004576 seconds 
========================================================================
Received Import Request.
  Time since last request: 4.311827 seconds.
  path: Assets/Shuai_assets/Materia_of_water/WaterRiver.mat
  artifactKey: Guid(0f0948f6ae8fd504581c21ed9b5edc5e) Importer(815301076,1909f56bfc062723c751e8b465ee728b)
Start importing Assets/Shuai_assets/Materia_of_water/WaterRiver.mat using Guid(0f0948f6ae8fd504581c21ed9b5edc5e) Importer(815301076,1909f56bfc062723c751e8b465ee728b)  -> (artifact id: 'df2d3883cd342fb799840e968a03f67e') in 0.325461 seconds 
========================================================================
Received Import Request.
  Time since last request: 39.339348 seconds.
  path: Assets/Shuai_assets/Materia_of_water/WaterRiver.mat
  artifactKey: Guid(0f0948f6ae8fd504581c21ed9b5edc5e) Importer(815301076,1909f56bfc062723c751e8b465ee728b)
Start importing Assets/Shuai_assets/Materia_of_water/WaterRiver.mat using Guid(0f0948f6ae8fd504581c21ed9b5edc5e) Importer(815301076,1909f56bfc062723c751e8b465ee728b)  -> (artifact id: '7139230ac62aa8479fc5f10d627ccd64') in 0.017093 seconds 
========================================================================
Received Import Request.
  Time since last request: 769.387543 seconds.
  path: Assets/Shuai_assets/Model/water_level.FBX
  artifactKey: Guid(2d9b10b107eb5c94088ebbaee48c6bb0) Importer(815301076,1909f56bfc062723c751e8b465ee728b)
Start importing Assets/Shuai_assets/Model/water_level.FBX using Guid(2d9b10b107eb5c94088ebbaee48c6bb0) Importer(815301076,1909f56bfc062723c751e8b465ee728b)  -> (artifact id: '851f56f5ffaab194e1dd636611c38f51') in 0.060526 seconds 
========================================================================
Received Import Request.
  Time since last request: 16.177056 seconds.
  path: Assets/Shuai_assets/Prefabs/The Planet.prefab
  artifactKey: Guid(2af1aa0056f77fa4c808b9ca2f21993d) Importer(815301076,1909f56bfc062723c751e8b465ee728b)
Start importing Assets/Shuai_assets/Prefabs/The Planet.prefab using Guid(2af1aa0056f77fa4c808b9ca2f21993d) Importer(815301076,1909f56bfc062723c751e8b465ee728b)  -> (artifact id: '7abc60701e5cfb9bae6c822c7561d491') in 0.013645 seconds 
========================================================================
Received Import Request.
  Time since last request: 10.463782 seconds.
  path: Assets/Shuai_assets/Prefabs/The Planet.prefab
  artifactKey: Guid(2af1aa0056f77fa4c808b9ca2f21993d) Importer(815301076,1909f56bfc062723c751e8b465ee728b)
Start importing Assets/Shuai_assets/Prefabs/The Planet.prefab using Guid(2af1aa0056f77fa4c808b9ca2f21993d) Importer(815301076,1909f56bfc062723c751e8b465ee728b)  -> (artifact id: 'd994f9fbcfb976bce84e036e139f598e') in 0.008905 seconds 
========================================================================
Received Import Request.
  Time since last request: 75.530448 seconds.
  path: Assets/Shuai_assets/Prefabs/The Planet.prefab
  artifactKey: Guid(2af1aa0056f77fa4c808b9ca2f21993d) Importer(815301076,1909f56bfc062723c751e8b465ee728b)
Start importing Assets/Shuai_assets/Prefabs/The Planet.prefab using Guid(2af1aa0056f77fa4c808b9ca2f21993d) Importer(815301076,1909f56bfc062723c751e8b465ee728b)  -> (artifact id: 'd23670aa7f72886d4b54410c98d54479') in 0.015910 seconds 
========================================================================
Received Import Request.
  Time since last request: 5.171782 seconds.
  path: Assets/Shuai_assets/Prefabs/The Planet.prefab
  artifactKey: Guid(2af1aa0056f77fa4c808b9ca2f21993d) Importer(815301076,1909f56bfc062723c751e8b465ee728b)
Start importing Assets/Shuai_assets/Prefabs/The Planet.prefab using Guid(2af1aa0056f77fa4c808b9ca2f21993d) Importer(815301076,1909f56bfc062723c751e8b465ee728b)  -> (artifact id: '362165a9e9a55224f3d2f2c91c016837') in 0.009213 seconds 
========================================================================
Received Import Request.
  Time since last request: 7.081408 seconds.
  path: Assets/Shuai_assets/Prefabs/The Planet.prefab
  artifactKey: Guid(2af1aa0056f77fa4c808b9ca2f21993d) Importer(815301076,1909f56bfc062723c751e8b465ee728b)
Start importing Assets/Shuai_assets/Prefabs/The Planet.prefab using Guid(2af1aa0056f77fa4c808b9ca2f21993d) Importer(815301076,1909f56bfc062723c751e8b465ee728b)  -> (artifact id: '869367401f5d534821f9b2f9ae1e7452') in 0.009701 seconds 
========================================================================
Received Import Request.
  Time since last request: 54.967623 seconds.
  path: Assets/Shuai_assets/Prefabs/The Planet.prefab
  artifactKey: Guid(2af1aa0056f77fa4c808b9ca2f21993d) Importer(815301076,1909f56bfc062723c751e8b465ee728b)
Start importing Assets/Shuai_assets/Prefabs/The Planet.prefab using Guid(2af1aa0056f77fa4c808b9ca2f21993d) Importer(815301076,1909f56bfc062723c751e8b465ee728b)  -> (artifact id: 'dc14f243ba8be5e79a2a59b8542a0734') in 0.016325 seconds 
========================================================================
Received Import Request.
  Time since last request: 8.178522 seconds.
  path: Assets/Shuai_assets/Mat_mainscene/Water.mat
  artifactKey: Guid(87a2ac287ada23148965fb9ae34f7b90) Importer(815301076,1909f56bfc062723c751e8b465ee728b)
Start importing Assets/Shuai_assets/Mat_mainscene/Water.mat using Guid(87a2ac287ada23148965fb9ae34f7b90) Importer(815301076,1909f56bfc062723c751e8b465ee728b)  -> (artifact id: '83df9c38e61c3cf72a9708a31bcdb161') in 0.013361 seconds 
========================================================================
Received Import Request.
  Time since last request: 89.239034 seconds.
  path: Assets/Shuai_assets/Materia_of_water/ShaderGraph/Occlusion Shader.shadergraph
  artifactKey: Guid(9597b64c94f6fdc4e9ebf51b8cac6a0f) Importer(815301076,1909f56bfc062723c751e8b465ee728b)
Start importing Assets/Shuai_assets/Materia_of_water/ShaderGraph/Occlusion Shader.shadergraph using Guid(9597b64c94f6fdc4e9ebf51b8cac6a0f) Importer(815301076,1909f56bfc062723c751e8b465ee728b)  -> (artifact id: '39f43c91dc74d568e4d2e6c9899e040e') in 0.004890 seconds 
========================================================================
Received Import Request.
  Time since last request: 1.564993 seconds.
  path: Assets/Shuai_assets/Materia_of_water/ShaderGraph/CartonShader.shadergraph
  artifactKey: Guid(97f772608cf8d5049a2465e03633c09e) Importer(815301076,1909f56bfc062723c751e8b465ee728b)
Start importing Assets/Shuai_assets/Materia_of_water/ShaderGraph/CartonShader.shadergraph using Guid(97f772608cf8d5049a2465e03633c09e) Importer(815301076,1909f56bfc062723c751e8b465ee728b)  -> (artifact id: '6cca9a3649fe871289a7fe101bc898bc') in 0.002884 seconds 
========================================================================
Received Import Request.
  Time since last request: 39.161947 seconds.
  path: Assets/Shuai_assets/Materia_of_water/ShaderGraph/CartonShader.shadergraph
  artifactKey: Guid(97f772608cf8d5049a2465e03633c09e) Importer(815301076,1909f56bfc062723c751e8b465ee728b)
Start importing Assets/Shuai_assets/Materia_of_water/ShaderGraph/CartonShader.shadergraph using Guid(97f772608cf8d5049a2465e03633c09e) Importer(815301076,1909f56bfc062723c751e8b465ee728b)  -> (artifact id: '4b3b298dee42256e9693435a2a3ff45f') in 0.002892 seconds 
========================================================================
Received Import Request.
  Time since last request: 780.039726 seconds.
  path: Assets/Shuai_assets/Materia_of_water/CartonWater.mat
  artifactKey: Guid(0d0015292318fe243bc5f41ea3b7bc95) Importer(815301076,1909f56bfc062723c751e8b465ee728b)
Start importing Assets/Shuai_assets/Materia_of_water/CartonWater.mat using Guid(0d0015292318fe243bc5f41ea3b7bc95) Importer(815301076,1909f56bfc062723c751e8b465ee728b)  -> (artifact id: 'c08d37404516c8f72012156934f71c57') in 0.016615 seconds 
========================================================================
Received Import Request.
  Time since last request: 37.163755 seconds.
  path: Assets/Shuai_assets/Materia_of_water/WaterRiver.mat
  artifactKey: Guid(0f0948f6ae8fd504581c21ed9b5edc5e) Importer(815301076,1909f56bfc062723c751e8b465ee728b)
Start importing Assets/Shuai_assets/Materia_of_water/WaterRiver.mat using Guid(0f0948f6ae8fd504581c21ed9b5edc5e) Importer(815301076,1909f56bfc062723c751e8b465ee728b)  -> (artifact id: 'b017b5778b38a5bdeeb089f1f59f7c43') in 0.210776 seconds 
========================================================================
Received Prepare
Registering precompiled user dll's ...
Registered in 0.013627 seconds.
Begin MonoManager ReloadAssembly
Symbol file LoadedFromMemory doesn't match image C:\Users\Zhangzonshuai\Documents\GitHub\LudumDareGAME\GameJamOfLudumdare\Library\PackageCache\com.unity.visualscripting@1.8.0\Editor\VisualScripting.Core\Dependencies\YamlDotNet\Unity.VisualScripting.YamlDotNet.dll
Symbol file LoadedFromMemory doesn't match image C:\Users\Zhangzonshuai\Documents\GitHub\LudumDareGAME\GameJamOfLudumdare\Library\PackageCache\com.unity.visualscripting@1.8.0\Editor\VisualScripting.Core\Dependencies\DotNetZip\Unity.VisualScripting.IonicZip.dll
Native extension for WindowsStandalone target not found
Native extension for WebGL target not found
Refreshing native plugins compatible for Editor in 0.73 ms, found 3 plugins.
Preloading 0 native plugins for Editor in 0.00 ms.
Mono: successfully reloaded assembly
- Completed reload, in  0.737 seconds
Domain Reload Profiling:
	ReloadAssembly (738ms)
		BeginReloadAssembly (102ms)
			ExecutionOrderSort (0ms)
			DisableScriptedObjects (4ms)
			BackupInstance (0ms)
			ReleaseScriptingObjects (0ms)
			CreateAndSetChildDomain (26ms)
		EndReloadAssembly (566ms)
			LoadAssemblies (72ms)
			RebuildTransferFunctionScriptingTraits (0ms)
			SetupTypeCache (143ms)
			ReleaseScriptCaches (1ms)
			RebuildScriptCaches (28ms)
			SetupLoadedEditorAssemblies (261ms)
				LogAssemblyErrors (0ms)
				InitializePlatformSupportModulesInManaged (8ms)
				SetLoadedEditorAssemblies (0ms)
				RefreshPlugins (1ms)
				BeforeProcessingInitializeOnLoad (54ms)
				ProcessInitializeOnLoadAttributes (144ms)
				ProcessInitializeOnLoadMethodAttributes (44ms)
				AfterProcessingInitializeOnLoad (11ms)
				EditorAssembliesLoaded (0ms)
			ExecutionOrderSort2 (0ms)
			AwakeInstancesAfterBackupRestoration (19ms)
Platform modules already initialized, skipping
Refreshing native plugins compatible for Editor in 3.15 ms, found 3 plugins.
Preloading 0 native plugins for Editor in 0.00 ms.
Unloading 4960 Unused Serialized files (Serialized files now loaded: 0)
Unloading 34 unused Assets / (1.1 MB). Loaded Objects now: 5639.
Memory consumption went from 277.6 MB to 276.6 MB.
Total: 2.646800 ms (FindLiveObjects: 0.244700 ms CreateObjectMapping: 0.082500 ms MarkObjects: 2.014400 ms  DeleteObjects: 0.303900 ms)

AssetImportParameters requested are different than current active one (requested -> active):
  custom:video-decoder-ogg-theora: a1e56fd34408186e4bbccfd4996cb3dc -> 
  custom:container-muxer-webm: aa71ff27fc2769a1b78a27578f13a17b -> 
  custom:container-demuxer-webm: 4f35f7cbe854078d1ac9338744f61a02 -> 
  custom:video-encoder-webm-vp8: eb34c28f22e8b96e1ab97ce403110664 -> 
  custom:video-codec-MediaFoundation-h265: 746d11721c4dcdbdad8f713fa42b33f4 -> 
  custom:audio-encoder-webm-vorbis: bf7c407c2cedff20999df2af8eb42d56 -> 
  custom:framework-win-MediaFoundation: 216162199b28c13a410421893ffa2e32 -> 
  custom:container-demuxer-ogg: 62fdf1f143b41e24485cea50d1cbac27 -> 
  custom:video-decoder-webm-vp8: 9c59270c3fd7afecdb556c50c9e8de78 -> 
  custom:audio-decoder-ogg-vorbis: bf7c407c2cedff20999df2af8eb42d56 -> 
========================================================================
Received Import Request.
  Time since last request: 68.618001 seconds.
  path: Assets/Shuai_assets/Materia_of_water/WaterRiver.mat
  artifactKey: Guid(0f0948f6ae8fd504581c21ed9b5edc5e) Importer(815301076,1909f56bfc062723c751e8b465ee728b)
Start importing Assets/Shuai_assets/Materia_of_water/WaterRiver.mat using Guid(0f0948f6ae8fd504581c21ed9b5edc5e) Importer(815301076,1909f56bfc062723c751e8b465ee728b)  -> (artifact id: '654c0c3b7dd7b653a66100aeeb306c29') in 0.122854 seconds 
========================================================================
Received Import Request.
  Time since last request: 511.845699 seconds.
  path: Assets/Shuai_assets/Materia_of_water/WaterRiver.mat
  artifactKey: Guid(0f0948f6ae8fd504581c21ed9b5edc5e) Importer(815301076,1909f56bfc062723c751e8b465ee728b)
Start importing Assets/Shuai_assets/Materia_of_water/WaterRiver.mat using Guid(0f0948f6ae8fd504581c21ed9b5edc5e) Importer(815301076,1909f56bfc062723c751e8b465ee728b)  -> (artifact id: '09edf89f3e51a1688dfbf18ad0a3202f') in 0.014966 seconds 
========================================================================
Received Import Request.
  Time since last request: 1426.477386 seconds.
  path: Assets/Shuai_assets/Materia_of_water/CartonWater.mat
  artifactKey: Guid(0d0015292318fe243bc5f41ea3b7bc95) Importer(815301076,1909f56bfc062723c751e8b465ee728b)
Start importing Assets/Shuai_assets/Materia_of_water/CartonWater.mat using Guid(0d0015292318fe243bc5f41ea3b7bc95) Importer(815301076,1909f56bfc062723c751e8b465ee728b)  -> (artifact id: 'fdd282d7bd5cdfcdba70849764e5998e') in 0.012316 seconds 
========================================================================
Received Import Request.
  Time since last request: 8245.325007 seconds.
  path: Assets/Shuai_assets/Model/water_level.FBX
  artifactKey: Guid(2d9b10b107eb5c94088ebbaee48c6bb0) Importer(815301076,1909f56bfc062723c751e8b465ee728b)
Start importing Assets/Shuai_assets/Model/water_level.FBX using Guid(2d9b10b107eb5c94088ebbaee48c6bb0) Importer(815301076,1909f56bfc062723c751e8b465ee728b)  -> (artifact id: '3185ae2ba34ce6085ea665ac9427f709') in 0.029453 seconds 
========================================================================
Received Import Request.
  Time since last request: 40.047607 seconds.
  path: Assets/Shuai_assets/Model/MD_driftbottle.FBX
  artifactKey: Guid(24a656ac0a200d04c8a48c865e91d0e7) Importer(815301076,1909f56bfc062723c751e8b465ee728b)
Start importing Assets/Shuai_assets/Model/MD_driftbottle.FBX using Guid(24a656ac0a200d04c8a48c865e91d0e7) Importer(815301076,1909f56bfc062723c751e8b465ee728b)  -> (artifact id: 'f040404359d87920f263bf8d26cf593a') in 0.973547 seconds 
========================================================================
Received Import Request.
  Time since last request: 77.557573 seconds.
  path: Assets/Shuai_assets/Mat_mainscene/diftBottle.mat
  artifactKey: Guid(f34ad673722c224439635d2951fd7ce7) Importer(815301076,1909f56bfc062723c751e8b465ee728b)
Start importing Assets/Shuai_assets/Mat_mainscene/diftBottle.mat using Guid(f34ad673722c224439635d2951fd7ce7) Importer(815301076,1909f56bfc062723c751e8b465ee728b)  -> (artifact id: 'e9438c621fa5c68a4936d238e45efe07') in 0.007015 seconds 
========================================================================
Received Import Request.
  Time since last request: 13.086004 seconds.
  path: Assets/Shuai_assets/Texture/MD_driftbottle_D.tga
  artifactKey: Guid(c923b3b852c9d4946aa9c681d92ce0d3) Importer(815301076,1909f56bfc062723c751e8b465ee728b)
Start importing Assets/Shuai_assets/Texture/MD_driftbottle_D.tga using Guid(c923b3b852c9d4946aa9c681d92ce0d3) Importer(815301076,1909f56bfc062723c751e8b465ee728b)  -> (artifact id: '48c85e9de9e51a3a37a955893c6a17da') in 0.011291 seconds 
========================================================================
Received Import Request.
  Time since last request: 0.000021 seconds.
  path: Assets/Shuai_assets/Texture/MD_driftbottle_N.tga
  artifactKey: Guid(4e902ab00a37e6843a149f7427715083) Importer(815301076,1909f56bfc062723c751e8b465ee728b)
Start importing Assets/Shuai_assets/Texture/MD_driftbottle_N.tga using Guid(4e902ab00a37e6843a149f7427715083) Importer(815301076,1909f56bfc062723c751e8b465ee728b)  -> (artifact id: 'b8ea7319c5e58180dec5f37b50a25d6f') in 0.006451 seconds 
========================================================================
Received Import Request.
  Time since last request: 18.559845 seconds.
  path: Assets/Shuai_assets/Mat_mainscene/diftBottle.mat
  artifactKey: Guid(f34ad673722c224439635d2951fd7ce7) Importer(815301076,1909f56bfc062723c751e8b465ee728b)
Start importing Assets/Shuai_assets/Mat_mainscene/diftBottle.mat using Guid(f34ad673722c224439635d2951fd7ce7) Importer(815301076,1909f56bfc062723c751e8b465ee728b)  -> (artifact id: 'cb0c2e7034dd0e0c8f7ec83c586cda84') in 0.007974 seconds 
========================================================================
Received Import Request.
  Time since last request: 11.018576 seconds.
  path: Assets/Shuai_assets/Prefabs/The Planet.prefab
  artifactKey: Guid(2af1aa0056f77fa4c808b9ca2f21993d) Importer(815301076,1909f56bfc062723c751e8b465ee728b)
Start importing Assets/Shuai_assets/Prefabs/The Planet.prefab using Guid(2af1aa0056f77fa4c808b9ca2f21993d) Importer(815301076,1909f56bfc062723c751e8b465ee728b)  -> (artifact id: 'ed68566b1fce4a95c692bf10464583fc') in 0.011528 seconds 
========================================================================
Received Import Request.
  Time since last request: 3.922682 seconds.
  path: Assets/Shuai_assets/Prefabs/MD_driftbottle.prefab
  artifactKey: Guid(6eb2fdcd69ac1fc4788671e74588e1c3) Importer(815301076,1909f56bfc062723c751e8b465ee728b)
Start importing Assets/Shuai_assets/Prefabs/MD_driftbottle.prefab using Guid(6eb2fdcd69ac1fc4788671e74588e1c3) Importer(815301076,1909f56bfc062723c751e8b465ee728b)  -> (artifact id: 'f7c0b593f2f275cbea9c60c402643edd') in 0.008770 seconds 
========================================================================
Received Import Request.
  Time since last request: 43.151779 seconds.
  path: Assets/Shuai_assets/Prefabs/MD_driftbottle.prefab
  artifactKey: Guid(6eb2fdcd69ac1fc4788671e74588e1c3) Importer(815301076,1909f56bfc062723c751e8b465ee728b)
Start importing Assets/Shuai_assets/Prefabs/MD_driftbottle.prefab using Guid(6eb2fdcd69ac1fc4788671e74588e1c3) Importer(815301076,1909f56bfc062723c751e8b465ee728b)  -> (artifact id: 'f8cc0e1b6f3a6fd3010bdaf76473d91a') in 0.008093 seconds 
========================================================================
Received Import Request.
  Time since last request: 1.388360 seconds.
  path: Assets/Shuai_assets/Prefabs/MD_driftbottle.prefab
  artifactKey: Guid(6eb2fdcd69ac1fc4788671e74588e1c3) Importer(815301076,1909f56bfc062723c751e8b465ee728b)
Start importing Assets/Shuai_assets/Prefabs/MD_driftbottle.prefab using Guid(6eb2fdcd69ac1fc4788671e74588e1c3) Importer(815301076,1909f56bfc062723c751e8b465ee728b)  -> (artifact id: '1f97e18ef5b5c1a4b0645c784b6b0e08') in 0.007430 seconds 
========================================================================
Received Import Request.
  Time since last request: 4.222823 seconds.
  path: Assets/Shuai_assets/Prefabs/MD_driftbottle.prefab
  artifactKey: Guid(6eb2fdcd69ac1fc4788671e74588e1c3) Importer(815301076,1909f56bfc062723c751e8b465ee728b)
Start importing Assets/Shuai_assets/Prefabs/MD_driftbottle.prefab using Guid(6eb2fdcd69ac1fc4788671e74588e1c3) Importer(815301076,1909f56bfc062723c751e8b465ee728b)  -> (artifact id: 'd8c06faf2345995faf043d635feb2011') in 0.009007 seconds 
